<?xml version="1.0" encoding="UTF-8"?>
<TestRun id="b4c9afd7-5af4-4b37-a8dc-9459401010c3" name="rene.ederer@DEFU2DT034 2016-04-14 10:30:56" runUser="PHOENIX\rene.ederer" xmlns="http://microsoft.com/schemas/VisualStudio/TeamTest/2010">
  <TestSettings name="Local" id="5fdf143e-7b2a-4acc-8b36-ff5a8a147335">
    <Description>These are default test settings for a local test run.</Description>
    <Deployment enabled="false" runDeploymentRoot="rene.ederer_DEFU2DT034 2016-04-14 10_30_56">
      <DeploymentItem filename="C:\Users\rene.ederer\Desktop\abschlussprojekt\trunk\1920Parser\1920Parser\bin\Debug\1920Parser.exe" />
    </Deployment>
    <Execution>
      <TestTypeSpecific />
      <AgentRule name="Execution Agents">
      </AgentRule>
    </Execution>
  </TestSettings>
  <Times creation="2016-04-14T10:30:56.0847928+02:00" queuing="2016-04-14T10:30:56.9178761+02:00" start="2016-04-14T10:30:57.0508894+02:00" finish="2016-04-14T10:32:14.0465882+02:00" />
  <ResultSummary outcome="Error">
    <Counters total="12" executed="2" passed="1" error="0" failed="0" timeout="0" aborted="1" inconclusive="0" passedButRunAborted="0" notRunnable="0" notExecuted="10" disconnected="0" warning="0" completed="0" inProgress="0" pending="0" />
    <RunInfos>
      <RunInfo computerName="DEFU2DT034" outcome="Error" timestamp="2016-04-14T10:32:14.0265862+02:00">
        <Text>Test host process exited unexpectedly.</Text>
      </RunInfo>
    </RunInfos>
  </ResultSummary>
  <TestDefinitions>
    <UnitTest name="parseTest5" storage="c:\users\rene.ederer\desktop\abschlussprojekt\trunk\1920parser\1920parsertest\bin\debug\1920parsertest.dll" id="6be285e0-bb79-d050-8355-3cb953a60702">
      <Execution id="fd4d6397-9ba4-4760-a697-7f6796d03399" />
      <TestMethod codeBase="C:/Users/rene.ederer/Desktop/abschlussprojekt/trunk/1920Parser/1920ParserTest/bin/Debug/1920ParserTest.DLL" adapterTypeName="Microsoft.VisualStudio.TestTools.TestTypes.Unit.UnitTestAdapter, Microsoft.VisualStudio.QualityTools.Tips.UnitTest.Adapter, Version=10.0.0.0, Culture=neutral, PublicKeyToken=b03f5f7f11d50a3a" className="_1920ParserTest.SchemaTest, 1920ParserTest, Version=1.0.0.0, Culture=neutral, PublicKeyToken=null" name="parseTest5" />
    </UnitTest>
    <UnitTest name="parseTest1" storage="c:\users\rene.ederer\desktop\abschlussprojekt\trunk\1920parser\1920parsertest\bin\debug\1920parsertest.dll" id="fc035e30-09db-b3c2-2668-8fad0063e4b8">
      <Execution id="6e94b36d-b986-4cf1-9f44-10f539e8a682" />
      <TestMethod codeBase="C:/Users/rene.ederer/Desktop/abschlussprojekt/trunk/1920Parser/1920ParserTest/bin/Debug/1920ParserTest.DLL" adapterTypeName="Microsoft.VisualStudio.TestTools.TestTypes.Unit.UnitTestAdapter, Microsoft.VisualStudio.QualityTools.Tips.UnitTest.Adapter, Version=10.0.0.0, Culture=neutral, PublicKeyToken=b03f5f7f11d50a3a" className="_1920ParserTest.SchemaTest, 1920ParserTest, Version=1.0.0.0, Culture=neutral, PublicKeyToken=null" name="parseTest1" />
    </UnitTest>
    <UnitTest name="GroupNodesWithEqualValuesAndEqualChildrenAreEqualTest" storage="c:\users\rene.ederer\desktop\abschlussprojekt\trunk\1920parser\1920parsertest\bin\debug\1920parsertest.dll" id="a279bd52-9691-0fb2-df5c-f4ab461b51ab">
      <Execution id="8ecdd1d6-b475-4920-a9ad-a98f3600db82" />
      <TestMethod codeBase="C:/Users/rene.ederer/Desktop/abschlussprojekt/trunk/1920Parser/1920ParserTest/bin/Debug/1920ParserTest.DLL" adapterTypeName="Microsoft.VisualStudio.TestTools.TestTypes.Unit.UnitTestAdapter, Microsoft.VisualStudio.QualityTools.Tips.UnitTest.Adapter, Version=10.0.0.0, Culture=neutral, PublicKeyToken=b03f5f7f11d50a3a" className="_1920ParserTest.GroupNodeTest, 1920ParserTest, Version=1.0.0.0, Culture=neutral, PublicKeyToken=null" name="GroupNodesWithEqualValuesAndEqualChildrenAreEqualTest" />
    </UnitTest>
    <UnitTest name="parseTest4" storage="c:\users\rene.ederer\desktop\abschlussprojekt\trunk\1920parser\1920parsertest\bin\debug\1920parsertest.dll" id="229263ac-20fb-933f-adcf-6c3ef6ff642a">
      <Execution id="b3c75e0c-fbee-4d14-a39c-49d4fb6628cc" />
      <TestMethod codeBase="C:/Users/rene.ederer/Desktop/abschlussprojekt/trunk/1920Parser/1920ParserTest/bin/Debug/1920ParserTest.DLL" adapterTypeName="Microsoft.VisualStudio.TestTools.TestTypes.Unit.UnitTestAdapter, Microsoft.VisualStudio.QualityTools.Tips.UnitTest.Adapter, Version=10.0.0.0, Culture=neutral, PublicKeyToken=b03f5f7f11d50a3a" className="_1920ParserTest.SchemaTest, 1920ParserTest, Version=1.0.0.0, Culture=neutral, PublicKeyToken=null" name="parseTest4" />
    </UnitTest>
    <UnitTest name="GroupNodesWithEqualValuesAndDifferentChildrenAreNotEqualTest" storage="c:\users\rene.ederer\desktop\abschlussprojekt\trunk\1920parser\1920parsertest\bin\debug\1920parsertest.dll" id="7fc7de51-49a8-e734-c1ee-8be35e8a0ac9">
      <Execution id="fc13e9e4-251e-49b9-8e01-3dc89ec9c07a" />
      <TestMethod codeBase="C:/Users/rene.ederer/Desktop/abschlussprojekt/trunk/1920Parser/1920ParserTest/bin/Debug/1920ParserTest.DLL" adapterTypeName="Microsoft.VisualStudio.TestTools.TestTypes.Unit.UnitTestAdapter, Microsoft.VisualStudio.QualityTools.Tips.UnitTest.Adapter, Version=10.0.0.0, Culture=neutral, PublicKeyToken=b03f5f7f11d50a3a" className="_1920ParserTest.GroupNodeTest, 1920ParserTest, Version=1.0.0.0, Culture=neutral, PublicKeyToken=null" name="GroupNodesWithEqualValuesAndDifferentChildrenAreNotEqualTest" />
    </UnitTest>
    <UnitTest name="SchemaConstructorTest" storage="c:\users\rene.ederer\desktop\abschlussprojekt\trunk\1920parser\1920parsertest\bin\debug\1920parsertest.dll" id="281bc8cd-88d6-3995-3009-5042d9bd82cc">
      <Execution id="b71635d6-2efb-4540-a785-23501858639f" />
      <TestMethod codeBase="C:/Users/rene.ederer/Desktop/abschlussprojekt/trunk/1920Parser/1920ParserTest/bin/Debug/1920ParserTest.DLL" adapterTypeName="Microsoft.VisualStudio.TestTools.TestTypes.Unit.UnitTestAdapter, Microsoft.VisualStudio.QualityTools.Tips.UnitTest.Adapter, Version=10.0.0.0, Culture=neutral, PublicKeyToken=b03f5f7f11d50a3a" className="_1920ParserTest.SchemaTest, 1920ParserTest, Version=1.0.0.0, Culture=neutral, PublicKeyToken=null" name="SchemaConstructorTest" />
    </UnitTest>
    <UnitTest name="parseTest3" storage="c:\users\rene.ederer\desktop\abschlussprojekt\trunk\1920parser\1920parsertest\bin\debug\1920parsertest.dll" id="24b77d83-1bd8-2cb9-dde3-e4b84ea83c59">
      <Execution id="b35d7afb-678e-4540-bb2f-f231ca10be04" />
      <TestMethod codeBase="C:/Users/rene.ederer/Desktop/abschlussprojekt/trunk/1920Parser/1920ParserTest/bin/Debug/1920ParserTest.DLL" adapterTypeName="Microsoft.VisualStudio.TestTools.TestTypes.Unit.UnitTestAdapter, Microsoft.VisualStudio.QualityTools.Tips.UnitTest.Adapter, Version=10.0.0.0, Culture=neutral, PublicKeyToken=b03f5f7f11d50a3a" className="_1920ParserTest.SchemaTest, 1920ParserTest, Version=1.0.0.0, Culture=neutral, PublicKeyToken=null" name="parseTest3" />
    </UnitTest>
    <UnitTest name="parseTest6" storage="c:\users\rene.ederer\desktop\abschlussprojekt\trunk\1920parser\1920parsertest\bin\debug\1920parsertest.dll" id="54791b1f-78c0-039f-9fa1-9569e5ca54ad">
      <Execution id="aade9835-1d86-4847-9f62-ac7b59013fe1" />
      <TestMethod codeBase="C:/Users/rene.ederer/Desktop/abschlussprojekt/trunk/1920Parser/1920ParserTest/bin/Debug/1920ParserTest.DLL" adapterTypeName="Microsoft.VisualStudio.TestTools.TestTypes.Unit.UnitTestAdapter, Microsoft.VisualStudio.QualityTools.Tips.UnitTest.Adapter, Version=10.0.0.0, Culture=neutral, PublicKeyToken=b03f5f7f11d50a3a" className="_1920ParserTest.SchemaTest, 1920ParserTest, Version=1.0.0.0, Culture=neutral, PublicKeyToken=null" name="parseTest6" />
    </UnitTest>
    <UnitTest name="ValueNodesWithDifferentAttributeValuesAreNotEqual" storage="c:\users\rene.ederer\desktop\abschlussprojekt\trunk\1920parser\1920parsertest\bin\debug\1920parsertest.dll" id="6e6bd8bb-cdbf-56b8-7471-fafb933a866a">
      <Execution id="6e10ab25-13f9-4e65-8884-ca1328484721" />
      <TestMethod codeBase="C:/Users/rene.ederer/Desktop/abschlussprojekt/trunk/1920Parser/1920ParserTest/bin/Debug/1920ParserTest.DLL" adapterTypeName="Microsoft.VisualStudio.TestTools.TestTypes.Unit.UnitTestAdapter, Microsoft.VisualStudio.QualityTools.Tips.UnitTest.Adapter, Version=10.0.0.0, Culture=neutral, PublicKeyToken=b03f5f7f11d50a3a" className="_1920ParserTest.ValueNodeTest, 1920ParserTest, Version=1.0.0.0, Culture=neutral, PublicKeyToken=null" name="ValueNodesWithDifferentAttributeValuesAreNotEqual" />
    </UnitTest>
    <UnitTest name="GrouptAssignValueTest" storage="c:\users\rene.ederer\desktop\abschlussprojekt\trunk\1920parser\1920parsertest\bin\debug\1920parsertest.dll" id="065b8fc4-d81f-c482-fcc4-3e7983908bcc">
      <Execution id="c8196d2f-69d7-4fc2-b517-dc0bd5a793c5" />
      <TestMethod codeBase="C:/Users/rene.ederer/Desktop/abschlussprojekt/trunk/1920Parser/1920ParserTest/bin/Debug/1920ParserTest.DLL" adapterTypeName="Microsoft.VisualStudio.TestTools.TestTypes.Unit.UnitTestAdapter, Microsoft.VisualStudio.QualityTools.Tips.UnitTest.Adapter, Version=10.0.0.0, Culture=neutral, PublicKeyToken=b03f5f7f11d50a3a" className="_1920ParserTest.GroupNodeTest, 1920ParserTest, Version=1.0.0.0, Culture=neutral, PublicKeyToken=null" name="GrouptAssignValueTest" />
    </UnitTest>
    <UnitTest name="parseTest2" storage="c:\users\rene.ederer\desktop\abschlussprojekt\trunk\1920parser\1920parsertest\bin\debug\1920parsertest.dll" id="00148ed8-920f-ad73-9df0-d7607b5c27c6">
      <Execution id="6142e355-9fc1-41b9-b813-a2ea583ea38c" />
      <TestMethod codeBase="C:/Users/rene.ederer/Desktop/abschlussprojekt/trunk/1920Parser/1920ParserTest/bin/Debug/1920ParserTest.DLL" adapterTypeName="Microsoft.VisualStudio.TestTools.TestTypes.Unit.UnitTestAdapter, Microsoft.VisualStudio.QualityTools.Tips.UnitTest.Adapter, Version=10.0.0.0, Culture=neutral, PublicKeyToken=b03f5f7f11d50a3a" className="_1920ParserTest.SchemaTest, 1920ParserTest, Version=1.0.0.0, Culture=neutral, PublicKeyToken=null" name="parseTest2" />
    </UnitTest>
    <UnitTest name="ValueNodesWithSamAeattributeValuesAreEqual" storage="c:\users\rene.ederer\desktop\abschlussprojekt\trunk\1920parser\1920parsertest\bin\debug\1920parsertest.dll" id="1e2a12f1-a0d8-d597-c9a5-5e66af3ed8c6">
      <Execution id="633e341a-4014-410f-89f5-f61e2a3e5659" />
      <TestMethod codeBase="C:/Users/rene.ederer/Desktop/abschlussprojekt/trunk/1920Parser/1920ParserTest/bin/Debug/1920ParserTest.DLL" adapterTypeName="Microsoft.VisualStudio.TestTools.TestTypes.Unit.UnitTestAdapter, Microsoft.VisualStudio.QualityTools.Tips.UnitTest.Adapter, Version=10.0.0.0, Culture=neutral, PublicKeyToken=b03f5f7f11d50a3a" className="_1920ParserTest.ValueNodeTest, 1920ParserTest, Version=1.0.0.0, Culture=neutral, PublicKeyToken=null" name="ValueNodesWithSamAeattributeValuesAreEqual" />
    </UnitTest>
  </TestDefinitions>
  <TestLists>
    <TestList name="Results Not in a List" id="8c84fa94-04c1-424b-9868-57a2d4851a1d" />
    <TestList name="All Loaded Results" id="19431567-8539-422a-85d7-44ee4e166bda" />
  </TestLists>
  <TestEntries>
    <TestEntry testId="00148ed8-920f-ad73-9df0-d7607b5c27c6" executionId="6142e355-9fc1-41b9-b813-a2ea583ea38c" testListId="8c84fa94-04c1-424b-9868-57a2d4851a1d" />
    <TestEntry testId="065b8fc4-d81f-c482-fcc4-3e7983908bcc" executionId="c8196d2f-69d7-4fc2-b517-dc0bd5a793c5" testListId="8c84fa94-04c1-424b-9868-57a2d4851a1d" />
    <TestEntry testId="1e2a12f1-a0d8-d597-c9a5-5e66af3ed8c6" executionId="633e341a-4014-410f-89f5-f61e2a3e5659" testListId="8c84fa94-04c1-424b-9868-57a2d4851a1d" />
    <TestEntry testId="229263ac-20fb-933f-adcf-6c3ef6ff642a" executionId="b3c75e0c-fbee-4d14-a39c-49d4fb6628cc" testListId="8c84fa94-04c1-424b-9868-57a2d4851a1d" />
    <TestEntry testId="24b77d83-1bd8-2cb9-dde3-e4b84ea83c59" executionId="b35d7afb-678e-4540-bb2f-f231ca10be04" testListId="8c84fa94-04c1-424b-9868-57a2d4851a1d" />
    <TestEntry testId="281bc8cd-88d6-3995-3009-5042d9bd82cc" executionId="b71635d6-2efb-4540-a785-23501858639f" testListId="8c84fa94-04c1-424b-9868-57a2d4851a1d" />
    <TestEntry testId="54791b1f-78c0-039f-9fa1-9569e5ca54ad" executionId="aade9835-1d86-4847-9f62-ac7b59013fe1" testListId="8c84fa94-04c1-424b-9868-57a2d4851a1d" />
    <TestEntry testId="6be285e0-bb79-d050-8355-3cb953a60702" executionId="fd4d6397-9ba4-4760-a697-7f6796d03399" testListId="8c84fa94-04c1-424b-9868-57a2d4851a1d" />
    <TestEntry testId="6e6bd8bb-cdbf-56b8-7471-fafb933a866a" executionId="6e10ab25-13f9-4e65-8884-ca1328484721" testListId="8c84fa94-04c1-424b-9868-57a2d4851a1d" />
    <TestEntry testId="7fc7de51-49a8-e734-c1ee-8be35e8a0ac9" executionId="fc13e9e4-251e-49b9-8e01-3dc89ec9c07a" testListId="8c84fa94-04c1-424b-9868-57a2d4851a1d" />
    <TestEntry testId="a279bd52-9691-0fb2-df5c-f4ab461b51ab" executionId="8ecdd1d6-b475-4920-a9ad-a98f3600db82" testListId="8c84fa94-04c1-424b-9868-57a2d4851a1d" />
    <TestEntry testId="fc035e30-09db-b3c2-2668-8fad0063e4b8" executionId="6e94b36d-b986-4cf1-9f44-10f539e8a682" testListId="8c84fa94-04c1-424b-9868-57a2d4851a1d" />
  </TestEntries>
  <Results>
    <UnitTestResult executionId="6142e355-9fc1-41b9-b813-a2ea583ea38c" testId="00148ed8-920f-ad73-9df0-d7607b5c27c6" testName="parseTest2" computerName="DEFU2DT034" duration="00:00:00.0186384" startTime="2016-04-14T10:30:57.2179061+02:00" endTime="2016-04-14T10:30:57.6969540+02:00" testType="13cdc9d9-ddb5-4fa4-a97d-d965ccfc6d4b" outcome="Passed" testListId="8c84fa94-04c1-424b-9868-57a2d4851a1d" relativeResultsDirectory="6142e355-9fc1-41b9-b813-a2ea583ea38c">
    </UnitTestResult>
    <UnitTestResult executionId="c8196d2f-69d7-4fc2-b517-dc0bd5a793c5" testId="065b8fc4-d81f-c482-fcc4-3e7983908bcc" testName="GrouptAssignValueTest" computerName="DEFU2DT034" duration="00:01:16.3256318" startTime="2016-04-14T10:30:57.7029546+02:00" endTime="2016-04-14T10:32:14.0285864+02:00" testType="13cdc9d9-ddb5-4fa4-a97d-d965ccfc6d4b" outcome="Aborted" testListId="8c84fa94-04c1-424b-9868-57a2d4851a1d" relativeResultsDirectory="c8196d2f-69d7-4fc2-b517-dc0bd5a793c5">
    </UnitTestResult>
    <UnitTestResult executionId="633e341a-4014-410f-89f5-f61e2a3e5659" testId="1e2a12f1-a0d8-d597-c9a5-5e66af3ed8c6" testName="ValueNodesWithSamAeattributeValuesAreEqual" computerName="DEFU2DT034" testType="13cdc9d9-ddb5-4fa4-a97d-d965ccfc6d4b" outcome="NotExecuted" testListId="8c84fa94-04c1-424b-9868-57a2d4851a1d" relativeResultsDirectory="633e341a-4014-410f-89f5-f61e2a3e5659">
    </UnitTestResult>
    <UnitTestResult executionId="b3c75e0c-fbee-4d14-a39c-49d4fb6628cc" testId="229263ac-20fb-933f-adcf-6c3ef6ff642a" testName="parseTest4" computerName="DEFU2DT034" testType="13cdc9d9-ddb5-4fa4-a97d-d965ccfc6d4b" outcome="NotExecuted" testListId="8c84fa94-04c1-424b-9868-57a2d4851a1d" relativeResultsDirectory="b3c75e0c-fbee-4d14-a39c-49d4fb6628cc">
    </UnitTestResult>
    <UnitTestResult executionId="b35d7afb-678e-4540-bb2f-f231ca10be04" testId="24b77d83-1bd8-2cb9-dde3-e4b84ea83c59" testName="parseTest3" computerName="DEFU2DT034" testType="13cdc9d9-ddb5-4fa4-a97d-d965ccfc6d4b" outcome="NotExecuted" testListId="8c84fa94-04c1-424b-9868-57a2d4851a1d" relativeResultsDirectory="b35d7afb-678e-4540-bb2f-f231ca10be04">
    </UnitTestResult>
    <UnitTestResult executionId="b71635d6-2efb-4540-a785-23501858639f" testId="281bc8cd-88d6-3995-3009-5042d9bd82cc" testName="SchemaConstructorTest" computerName="DEFU2DT034" testType="13cdc9d9-ddb5-4fa4-a97d-d965ccfc6d4b" outcome="NotExecuted" testListId="8c84fa94-04c1-424b-9868-57a2d4851a1d" relativeResultsDirectory="b71635d6-2efb-4540-a785-23501858639f">
    </UnitTestResult>
    <UnitTestResult executionId="aade9835-1d86-4847-9f62-ac7b59013fe1" testId="54791b1f-78c0-039f-9fa1-9569e5ca54ad" testName="parseTest6" computerName="DEFU2DT034" testType="13cdc9d9-ddb5-4fa4-a97d-d965ccfc6d4b" outcome="NotExecuted" testListId="8c84fa94-04c1-424b-9868-57a2d4851a1d" relativeResultsDirectory="aade9835-1d86-4847-9f62-ac7b59013fe1">
    </UnitTestResult>
    <UnitTestResult executionId="fd4d6397-9ba4-4760-a697-7f6796d03399" testId="6be285e0-bb79-d050-8355-3cb953a60702" testName="parseTest5" computerName="DEFU2DT034" testType="13cdc9d9-ddb5-4fa4-a97d-d965ccfc6d4b" outcome="NotExecuted" testListId="8c84fa94-04c1-424b-9868-57a2d4851a1d" relativeResultsDirectory="fd4d6397-9ba4-4760-a697-7f6796d03399">
    </UnitTestResult>
    <UnitTestResult executionId="6e10ab25-13f9-4e65-8884-ca1328484721" testId="6e6bd8bb-cdbf-56b8-7471-fafb933a866a" testName="ValueNodesWithDifferentAttributeValuesAreNotEqual" computerName="DEFU2DT034" testType="13cdc9d9-ddb5-4fa4-a97d-d965ccfc6d4b" outcome="NotExecuted" testListId="8c84fa94-04c1-424b-9868-57a2d4851a1d" relativeResultsDirectory="6e10ab25-13f9-4e65-8884-ca1328484721">
    </UnitTestResult>
    <UnitTestResult executionId="fc13e9e4-251e-49b9-8e01-3dc89ec9c07a" testId="7fc7de51-49a8-e734-c1ee-8be35e8a0ac9" testName="GroupNodesWithEqualValuesAndDifferentChildrenAreNotEqualTest" computerName="DEFU2DT034" testType="13cdc9d9-ddb5-4fa4-a97d-d965ccfc6d4b" outcome="NotExecuted" testListId="8c84fa94-04c1-424b-9868-57a2d4851a1d" relativeResultsDirectory="fc13e9e4-251e-49b9-8e01-3dc89ec9c07a">
    </UnitTestResult>
    <UnitTestResult executionId="8ecdd1d6-b475-4920-a9ad-a98f3600db82" testId="a279bd52-9691-0fb2-df5c-f4ab461b51ab" testName="GroupNodesWithEqualValuesAndEqualChildrenAreEqualTest" computerName="DEFU2DT034" testType="13cdc9d9-ddb5-4fa4-a97d-d965ccfc6d4b" outcome="NotExecuted" testListId="8c84fa94-04c1-424b-9868-57a2d4851a1d" relativeResultsDirectory="8ecdd1d6-b475-4920-a9ad-a98f3600db82">
    </UnitTestResult>
    <UnitTestResult executionId="6e94b36d-b986-4cf1-9f44-10f539e8a682" testId="fc035e30-09db-b3c2-2668-8fad0063e4b8" testName="parseTest1" computerName="DEFU2DT034" testType="13cdc9d9-ddb5-4fa4-a97d-d965ccfc6d4b" outcome="NotExecuted" testListId="8c84fa94-04c1-424b-9868-57a2d4851a1d" relativeResultsDirectory="6e94b36d-b986-4cf1-9f44-10f539e8a682">
    </UnitTestResult>
  </Results>
</TestRun>