<?xml version="1.0" encoding="UTF-8"?>
<TestRun id="996d2b6d-5c56-409a-8477-73d14a62e8b3" name="rene.ederer@DEFU2DT034 2016-04-14 11:12:39" runUser="PHOENIX\rene.ederer" xmlns="http://microsoft.com/schemas/VisualStudio/TeamTest/2010">
  <TestSettings name="Local" id="5fdf143e-7b2a-4acc-8b36-ff5a8a147335">
    <Description>These are default test settings for a local test run.</Description>
    <Deployment enabled="false" runDeploymentRoot="rene.ederer_DEFU2DT034 2016-04-14 11_12_39">
      <DeploymentItem filename="C:\Users\rene.ederer\Desktop\abschlussprojekt\trunk\1920Parser\1920Parser\bin\Debug\1920Parser.exe" />
    </Deployment>
    <Execution>
      <TestTypeSpecific />
      <AgentRule name="Execution Agents">
      </AgentRule>
    </Execution>
  </TestSettings>
  <Times creation="2016-04-14T11:12:39.2166023+02:00" queuing="2016-04-14T11:12:40.1316023+02:00" start="2016-04-14T11:12:40.2556023+02:00" finish="2016-04-14T11:13:46.3896023+02:00" />
  <ResultSummary outcome="Error">
    <Counters total="14" executed="11" passed="8" error="0" failed="2" timeout="0" aborted="1" inconclusive="0" passedButRunAborted="0" notRunnable="0" notExecuted="3" disconnected="0" warning="0" completed="0" inProgress="0" pending="0" />
    <RunInfos>
      <RunInfo computerName="DEFU2DT034" outcome="Error" timestamp="2016-04-14T11:13:46.3816023+02:00">
        <Text>Test host process exited unexpectedly.</Text>
      </RunInfo>
    </RunInfos>
  </ResultSummary>
  <TestDefinitions>
    <UnitTest name="ValueNodesWithDifferentAttributeValuesAreNotEqual" storage="c:\users\rene.ederer\desktop\abschlussprojekt\trunk\1920parser\1920parsertest\bin\debug\1920parsertest.dll" id="6e6bd8bb-cdbf-56b8-7471-fafb933a866a">
      <Execution id="743c3b2d-91b7-4741-81a4-fce4222c1adb" />
      <TestMethod codeBase="C:/Users/rene.ederer/Desktop/abschlussprojekt/trunk/1920Parser/1920ParserTest/bin/Debug/1920ParserTest.DLL" adapterTypeName="Microsoft.VisualStudio.TestTools.TestTypes.Unit.UnitTestAdapter, Microsoft.VisualStudio.QualityTools.Tips.UnitTest.Adapter, Version=10.0.0.0, Culture=neutral, PublicKeyToken=b03f5f7f11d50a3a" className="_1920ParserTest.ValueNodeTest, 1920ParserTest, Version=1.0.0.0, Culture=neutral, PublicKeyToken=null" name="ValueNodesWithDifferentAttributeValuesAreNotEqual" />
    </UnitTest>
    <UnitTest name="parseTest4" storage="c:\users\rene.ederer\desktop\abschlussprojekt\trunk\1920parser\1920parsertest\bin\debug\1920parsertest.dll" id="229263ac-20fb-933f-adcf-6c3ef6ff642a">
      <Execution id="5ce90279-0dca-4b85-b712-ab4c1bfec7d3" />
      <TestMethod codeBase="C:/Users/rene.ederer/Desktop/abschlussprojekt/trunk/1920Parser/1920ParserTest/bin/Debug/1920ParserTest.DLL" adapterTypeName="Microsoft.VisualStudio.TestTools.TestTypes.Unit.UnitTestAdapter, Microsoft.VisualStudio.QualityTools.Tips.UnitTest.Adapter, Version=10.0.0.0, Culture=neutral, PublicKeyToken=b03f5f7f11d50a3a" className="_1920ParserTest.SchemaTest, 1920ParserTest, Version=1.0.0.0, Culture=neutral, PublicKeyToken=null" name="parseTest4" />
    </UnitTest>
    <UnitTest name="GroupNodesWithEqualValuesAndEqualChildrenAreEqualTest" storage="c:\users\rene.ederer\desktop\abschlussprojekt\trunk\1920parser\1920parsertest\bin\debug\1920parsertest.dll" id="a279bd52-9691-0fb2-df5c-f4ab461b51ab">
      <Execution id="93c9a78b-4c84-49a9-b220-f9ebe30b6fbb" />
      <TestMethod codeBase="C:/Users/rene.ederer/Desktop/abschlussprojekt/trunk/1920Parser/1920ParserTest/bin/Debug/1920ParserTest.DLL" adapterTypeName="Microsoft.VisualStudio.TestTools.TestTypes.Unit.UnitTestAdapter, Microsoft.VisualStudio.QualityTools.Tips.UnitTest.Adapter, Version=10.0.0.0, Culture=neutral, PublicKeyToken=b03f5f7f11d50a3a" className="_1920ParserTest.GroupNodeTest, 1920ParserTest, Version=1.0.0.0, Culture=neutral, PublicKeyToken=null" name="GroupNodesWithEqualValuesAndEqualChildrenAreEqualTest" />
    </UnitTest>
    <UnitTest name="parseTest3" storage="c:\users\rene.ederer\desktop\abschlussprojekt\trunk\1920parser\1920parsertest\bin\debug\1920parsertest.dll" id="24b77d83-1bd8-2cb9-dde3-e4b84ea83c59">
      <Execution id="89cb91eb-373f-47b6-a3f7-5c3757480cfb" />
      <TestMethod codeBase="C:/Users/rene.ederer/Desktop/abschlussprojekt/trunk/1920Parser/1920ParserTest/bin/Debug/1920ParserTest.DLL" adapterTypeName="Microsoft.VisualStudio.TestTools.TestTypes.Unit.UnitTestAdapter, Microsoft.VisualStudio.QualityTools.Tips.UnitTest.Adapter, Version=10.0.0.0, Culture=neutral, PublicKeyToken=b03f5f7f11d50a3a" className="_1920ParserTest.SchemaTest, 1920ParserTest, Version=1.0.0.0, Culture=neutral, PublicKeyToken=null" name="parseTest3" />
    </UnitTest>
    <UnitTest name="parseTest6" storage="c:\users\rene.ederer\desktop\abschlussprojekt\trunk\1920parser\1920parsertest\bin\debug\1920parsertest.dll" id="54791b1f-78c0-039f-9fa1-9569e5ca54ad">
      <Execution id="465f2c2e-4a87-46c0-a257-38c5c5d285bf" />
      <TestMethod codeBase="C:/Users/rene.ederer/Desktop/abschlussprojekt/trunk/1920Parser/1920ParserTest/bin/Debug/1920ParserTest.DLL" adapterTypeName="Microsoft.VisualStudio.TestTools.TestTypes.Unit.UnitTestAdapter, Microsoft.VisualStudio.QualityTools.Tips.UnitTest.Adapter, Version=10.0.0.0, Culture=neutral, PublicKeyToken=b03f5f7f11d50a3a" className="_1920ParserTest.SchemaTest, 1920ParserTest, Version=1.0.0.0, Culture=neutral, PublicKeyToken=null" name="parseTest6" />
    </UnitTest>
    <UnitTest name="parseTest5" storage="c:\users\rene.ederer\desktop\abschlussprojekt\trunk\1920parser\1920parsertest\bin\debug\1920parsertest.dll" id="6be285e0-bb79-d050-8355-3cb953a60702">
      <Execution id="a6f164db-e5f1-450a-858e-0e4f709573fc" />
      <TestMethod codeBase="C:/Users/rene.ederer/Desktop/abschlussprojekt/trunk/1920Parser/1920ParserTest/bin/Debug/1920ParserTest.DLL" adapterTypeName="Microsoft.VisualStudio.TestTools.TestTypes.Unit.UnitTestAdapter, Microsoft.VisualStudio.QualityTools.Tips.UnitTest.Adapter, Version=10.0.0.0, Culture=neutral, PublicKeyToken=b03f5f7f11d50a3a" className="_1920ParserTest.SchemaTest, 1920ParserTest, Version=1.0.0.0, Culture=neutral, PublicKeyToken=null" name="parseTest5" />
    </UnitTest>
    <UnitTest name="SchemaConstructorTest" storage="c:\users\rene.ederer\desktop\abschlussprojekt\trunk\1920parser\1920parsertest\bin\debug\1920parsertest.dll" id="281bc8cd-88d6-3995-3009-5042d9bd82cc">
      <Execution id="5ac76cd3-1af8-4c47-8c6d-01c60eec01e1" />
      <TestMethod codeBase="C:/Users/rene.ederer/Desktop/abschlussprojekt/trunk/1920Parser/1920ParserTest/bin/Debug/1920ParserTest.DLL" adapterTypeName="Microsoft.VisualStudio.TestTools.TestTypes.Unit.UnitTestAdapter, Microsoft.VisualStudio.QualityTools.Tips.UnitTest.Adapter, Version=10.0.0.0, Culture=neutral, PublicKeyToken=b03f5f7f11d50a3a" className="_1920ParserTest.SchemaTest, 1920ParserTest, Version=1.0.0.0, Culture=neutral, PublicKeyToken=null" name="SchemaConstructorTest" />
    </UnitTest>
    <UnitTest name="ToStringTest" storage="c:\users\rene.ederer\desktop\abschlussprojekt\trunk\1920parser\1920parsertest\bin\debug\1920parsertest.dll" id="0203a482-cf41-fe48-7bb1-b50d23750426">
      <Execution id="d95a57e1-cdde-426b-872f-77f156e462a4" />
      <TestMethod codeBase="C:/Users/rene.ederer/Desktop/abschlussprojekt/trunk/1920Parser/1920ParserTest/bin/Debug/1920ParserTest.DLL" adapterTypeName="Microsoft.VisualStudio.TestTools.TestTypes.Unit.UnitTestAdapter, Microsoft.VisualStudio.QualityTools.Tips.UnitTest.Adapter, Version=10.0.0.0, Culture=neutral, PublicKeyToken=b03f5f7f11d50a3a" className="_1920ParserTest.ValueNodeTest, 1920ParserTest, Version=1.0.0.0, Culture=neutral, PublicKeyToken=null" name="ToStringTest" />
    </UnitTest>
    <UnitTest name="GroupNodesWithEqualValuesAndDifferentChildrenAreNotEqualTest" storage="c:\users\rene.ederer\desktop\abschlussprojekt\trunk\1920parser\1920parsertest\bin\debug\1920parsertest.dll" id="7fc7de51-49a8-e734-c1ee-8be35e8a0ac9">
      <Execution id="31ef8d60-d6c4-4ba4-ab99-9be6f36f7f26" />
      <TestMethod codeBase="C:/Users/rene.ederer/Desktop/abschlussprojekt/trunk/1920Parser/1920ParserTest/bin/Debug/1920ParserTest.DLL" adapterTypeName="Microsoft.VisualStudio.TestTools.TestTypes.Unit.UnitTestAdapter, Microsoft.VisualStudio.QualityTools.Tips.UnitTest.Adapter, Version=10.0.0.0, Culture=neutral, PublicKeyToken=b03f5f7f11d50a3a" className="_1920ParserTest.GroupNodeTest, 1920ParserTest, Version=1.0.0.0, Culture=neutral, PublicKeyToken=null" name="GroupNodesWithEqualValuesAndDifferentChildrenAreNotEqualTest" />
    </UnitTest>
    <UnitTest name="parseTest2" storage="c:\users\rene.ederer\desktop\abschlussprojekt\trunk\1920parser\1920parsertest\bin\debug\1920parsertest.dll" id="00148ed8-920f-ad73-9df0-d7607b5c27c6">
      <Execution id="8d7a846d-5285-463e-8009-a9813046e905" />
      <TestMethod codeBase="C:/Users/rene.ederer/Desktop/abschlussprojekt/trunk/1920Parser/1920ParserTest/bin/Debug/1920ParserTest.DLL" adapterTypeName="Microsoft.VisualStudio.TestTools.TestTypes.Unit.UnitTestAdapter, Microsoft.VisualStudio.QualityTools.Tips.UnitTest.Adapter, Version=10.0.0.0, Culture=neutral, PublicKeyToken=b03f5f7f11d50a3a" className="_1920ParserTest.SchemaTest, 1920ParserTest, Version=1.0.0.0, Culture=neutral, PublicKeyToken=null" name="parseTest2" />
    </UnitTest>
    <UnitTest name="parseTest1" storage="c:\users\rene.ederer\desktop\abschlussprojekt\trunk\1920parser\1920parsertest\bin\debug\1920parsertest.dll" id="fc035e30-09db-b3c2-2668-8fad0063e4b8">
      <Execution id="7295868e-d4c1-4c79-94bb-5ef7a4cf6578" />
      <TestMethod codeBase="C:/Users/rene.ederer/Desktop/abschlussprojekt/trunk/1920Parser/1920ParserTest/bin/Debug/1920ParserTest.DLL" adapterTypeName="Microsoft.VisualStudio.TestTools.TestTypes.Unit.UnitTestAdapter, Microsoft.VisualStudio.QualityTools.Tips.UnitTest.Adapter, Version=10.0.0.0, Culture=neutral, PublicKeyToken=b03f5f7f11d50a3a" className="_1920ParserTest.SchemaTest, 1920ParserTest, Version=1.0.0.0, Culture=neutral, PublicKeyToken=null" name="parseTest1" />
    </UnitTest>
    <UnitTest name="ToStringTest1" storage="c:\users\rene.ederer\desktop\abschlussprojekt\trunk\1920parser\1920parsertest\bin\debug\1920parsertest.dll" id="7df3a74e-9c9c-cd66-7d97-61d059bb829c">
      <Execution id="da2dfc0b-9612-4eb3-b99b-aa1b922d37db" />
      <TestMethod codeBase="C:/Users/rene.ederer/Desktop/abschlussprojekt/trunk/1920Parser/1920ParserTest/bin/Debug/1920ParserTest.DLL" adapterTypeName="Microsoft.VisualStudio.TestTools.TestTypes.Unit.UnitTestAdapter, Microsoft.VisualStudio.QualityTools.Tips.UnitTest.Adapter, Version=10.0.0.0, Culture=neutral, PublicKeyToken=b03f5f7f11d50a3a" className="_1920ParserTest.ValueNodeTest, 1920ParserTest, Version=1.0.0.0, Culture=neutral, PublicKeyToken=null" name="ToStringTest1" />
    </UnitTest>
    <UnitTest name="GrouptAssignValueTest" storage="c:\users\rene.ederer\desktop\abschlussprojekt\trunk\1920parser\1920parsertest\bin\debug\1920parsertest.dll" id="065b8fc4-d81f-c482-fcc4-3e7983908bcc">
      <Execution id="4d39ca9e-c359-4e02-9d6d-c57e1d11e1e8" />
      <TestMethod codeBase="C:/Users/rene.ederer/Desktop/abschlussprojekt/trunk/1920Parser/1920ParserTest/bin/Debug/1920ParserTest.DLL" adapterTypeName="Microsoft.VisualStudio.TestTools.TestTypes.Unit.UnitTestAdapter, Microsoft.VisualStudio.QualityTools.Tips.UnitTest.Adapter, Version=10.0.0.0, Culture=neutral, PublicKeyToken=b03f5f7f11d50a3a" className="_1920ParserTest.GroupNodeTest, 1920ParserTest, Version=1.0.0.0, Culture=neutral, PublicKeyToken=null" name="GrouptAssignValueTest" />
    </UnitTest>
    <UnitTest name="ValueNodesWithSamAeattributeValuesAreEqual" storage="c:\users\rene.ederer\desktop\abschlussprojekt\trunk\1920parser\1920parsertest\bin\debug\1920parsertest.dll" id="1e2a12f1-a0d8-d597-c9a5-5e66af3ed8c6">
      <Execution id="868f3eb6-1436-4ce1-9ab4-05fb8892223c" />
      <TestMethod codeBase="C:/Users/rene.ederer/Desktop/abschlussprojekt/trunk/1920Parser/1920ParserTest/bin/Debug/1920ParserTest.DLL" adapterTypeName="Microsoft.VisualStudio.TestTools.TestTypes.Unit.UnitTestAdapter, Microsoft.VisualStudio.QualityTools.Tips.UnitTest.Adapter, Version=10.0.0.0, Culture=neutral, PublicKeyToken=b03f5f7f11d50a3a" className="_1920ParserTest.ValueNodeTest, 1920ParserTest, Version=1.0.0.0, Culture=neutral, PublicKeyToken=null" name="ValueNodesWithSamAeattributeValuesAreEqual" />
    </UnitTest>
  </TestDefinitions>
  <TestLists>
    <TestList name="Results Not in a List" id="8c84fa94-04c1-424b-9868-57a2d4851a1d" />
    <TestList name="All Loaded Results" id="19431567-8539-422a-85d7-44ee4e166bda" />
  </TestLists>
  <TestEntries>
    <TestEntry testId="00148ed8-920f-ad73-9df0-d7607b5c27c6" executionId="8d7a846d-5285-463e-8009-a9813046e905" testListId="8c84fa94-04c1-424b-9868-57a2d4851a1d" />
    <TestEntry testId="0203a482-cf41-fe48-7bb1-b50d23750426" executionId="d95a57e1-cdde-426b-872f-77f156e462a4" testListId="8c84fa94-04c1-424b-9868-57a2d4851a1d" />
    <TestEntry testId="065b8fc4-d81f-c482-fcc4-3e7983908bcc" executionId="4d39ca9e-c359-4e02-9d6d-c57e1d11e1e8" testListId="8c84fa94-04c1-424b-9868-57a2d4851a1d" />
    <TestEntry testId="1e2a12f1-a0d8-d597-c9a5-5e66af3ed8c6" executionId="868f3eb6-1436-4ce1-9ab4-05fb8892223c" testListId="8c84fa94-04c1-424b-9868-57a2d4851a1d" />
    <TestEntry testId="229263ac-20fb-933f-adcf-6c3ef6ff642a" executionId="5ce90279-0dca-4b85-b712-ab4c1bfec7d3" testListId="8c84fa94-04c1-424b-9868-57a2d4851a1d" />
    <TestEntry testId="24b77d83-1bd8-2cb9-dde3-e4b84ea83c59" executionId="89cb91eb-373f-47b6-a3f7-5c3757480cfb" testListId="8c84fa94-04c1-424b-9868-57a2d4851a1d" />
    <TestEntry testId="281bc8cd-88d6-3995-3009-5042d9bd82cc" executionId="5ac76cd3-1af8-4c47-8c6d-01c60eec01e1" testListId="8c84fa94-04c1-424b-9868-57a2d4851a1d" />
    <TestEntry testId="54791b1f-78c0-039f-9fa1-9569e5ca54ad" executionId="465f2c2e-4a87-46c0-a257-38c5c5d285bf" testListId="8c84fa94-04c1-424b-9868-57a2d4851a1d" />
    <TestEntry testId="6be285e0-bb79-d050-8355-3cb953a60702" executionId="a6f164db-e5f1-450a-858e-0e4f709573fc" testListId="8c84fa94-04c1-424b-9868-57a2d4851a1d" />
    <TestEntry testId="6e6bd8bb-cdbf-56b8-7471-fafb933a866a" executionId="743c3b2d-91b7-4741-81a4-fce4222c1adb" testListId="8c84fa94-04c1-424b-9868-57a2d4851a1d" />
    <TestEntry testId="7df3a74e-9c9c-cd66-7d97-61d059bb829c" executionId="da2dfc0b-9612-4eb3-b99b-aa1b922d37db" testListId="8c84fa94-04c1-424b-9868-57a2d4851a1d" />
    <TestEntry testId="7fc7de51-49a8-e734-c1ee-8be35e8a0ac9" executionId="31ef8d60-d6c4-4ba4-ab99-9be6f36f7f26" testListId="8c84fa94-04c1-424b-9868-57a2d4851a1d" />
    <TestEntry testId="a279bd52-9691-0fb2-df5c-f4ab461b51ab" executionId="93c9a78b-4c84-49a9-b220-f9ebe30b6fbb" testListId="8c84fa94-04c1-424b-9868-57a2d4851a1d" />
    <TestEntry testId="fc035e30-09db-b3c2-2668-8fad0063e4b8" executionId="7295868e-d4c1-4c79-94bb-5ef7a4cf6578" testListId="8c84fa94-04c1-424b-9868-57a2d4851a1d" />
  </TestEntries>
  <Results>
    <UnitTestResult executionId="8d7a846d-5285-463e-8009-a9813046e905" testId="00148ed8-920f-ad73-9df0-d7607b5c27c6" testName="parseTest2" computerName="DEFU2DT034" duration="00:00:00.0183470" startTime="2016-04-14T11:12:40.3926023+02:00" endTime="2016-04-14T11:12:40.8506023+02:00" testType="13cdc9d9-ddb5-4fa4-a97d-d965ccfc6d4b" outcome="Passed" testListId="8c84fa94-04c1-424b-9868-57a2d4851a1d" relativeResultsDirectory="8d7a846d-5285-463e-8009-a9813046e905">
    </UnitTestResult>
    <UnitTestResult executionId="d95a57e1-cdde-426b-872f-77f156e462a4" testId="0203a482-cf41-fe48-7bb1-b50d23750426" testName="ToStringTest" computerName="DEFU2DT034" duration="00:00:00.0009759" startTime="2016-04-14T11:12:40.8546023+02:00" endTime="2016-04-14T11:12:40.8596023+02:00" testType="13cdc9d9-ddb5-4fa4-a97d-d965ccfc6d4b" outcome="Passed" testListId="8c84fa94-04c1-424b-9868-57a2d4851a1d" relativeResultsDirectory="d95a57e1-cdde-426b-872f-77f156e462a4">
    </UnitTestResult>
    <UnitTestResult executionId="4d39ca9e-c359-4e02-9d6d-c57e1d11e1e8" testId="065b8fc4-d81f-c482-fcc4-3e7983908bcc" testName="GrouptAssignValueTest" computerName="DEFU2DT034" duration="00:00:00.0014185" startTime="2016-04-14T11:12:40.8656023+02:00" endTime="2016-04-14T11:12:40.8806023+02:00" testType="13cdc9d9-ddb5-4fa4-a97d-d965ccfc6d4b" outcome="Passed" testListId="8c84fa94-04c1-424b-9868-57a2d4851a1d" relativeResultsDirectory="4d39ca9e-c359-4e02-9d6d-c57e1d11e1e8">
    </UnitTestResult>
    <UnitTestResult executionId="868f3eb6-1436-4ce1-9ab4-05fb8892223c" testId="1e2a12f1-a0d8-d597-c9a5-5e66af3ed8c6" testName="ValueNodesWithSamAeattributeValuesAreEqual" computerName="DEFU2DT034" duration="00:00:00.0002446" startTime="2016-04-14T11:12:40.8836023+02:00" endTime="2016-04-14T11:12:40.8886023+02:00" testType="13cdc9d9-ddb5-4fa4-a97d-d965ccfc6d4b" outcome="Passed" testListId="8c84fa94-04c1-424b-9868-57a2d4851a1d" relativeResultsDirectory="868f3eb6-1436-4ce1-9ab4-05fb8892223c">
    </UnitTestResult>
    <UnitTestResult executionId="5ce90279-0dca-4b85-b712-ab4c1bfec7d3" testId="229263ac-20fb-933f-adcf-6c3ef6ff642a" testName="parseTest4" computerName="DEFU2DT034" duration="00:00:00.0613074" startTime="2016-04-14T11:12:40.8916023+02:00" endTime="2016-04-14T11:12:40.9566023+02:00" testType="13cdc9d9-ddb5-4fa4-a97d-d965ccfc6d4b" outcome="Failed" testListId="8c84fa94-04c1-424b-9868-57a2d4851a1d" relativeResultsDirectory="5ce90279-0dca-4b85-b712-ab4c1bfec7d3">
      <Output>
        <ErrorInfo>
          <Message>Assert.AreEqual failed. Expected:&lt;0 root
    1 Daten(1)
        5 vorname=
        5 Nachname=
    1 Daten(2)
        5 vorname=
        5 Nachname=
&gt;. Actual:&lt;0 root
    1 Daten(1)
        5 Vorname=
        5 Nachname=
    1 Daten(2)
        5 Vorname=
        5 Nachname=
&gt;. </Message>
          <StackTrace>   bei _1920ParserTest.SchemaTest.parseTest4() in C:\Users\rene.ederer\Desktop\abschlussprojekt\trunk\1920Parser\1920ParserTest\SchemaTest.cs:Zeile 163.
</StackTrace>
        </ErrorInfo>
      </Output>
    </UnitTestResult>
    <UnitTestResult executionId="89cb91eb-373f-47b6-a3f7-5c3757480cfb" testId="24b77d83-1bd8-2cb9-dde3-e4b84ea83c59" testName="parseTest3" computerName="DEFU2DT034" duration="00:00:00.0003548" startTime="2016-04-14T11:12:40.9596023+02:00" endTime="2016-04-14T11:12:40.9626023+02:00" testType="13cdc9d9-ddb5-4fa4-a97d-d965ccfc6d4b" outcome="Passed" testListId="8c84fa94-04c1-424b-9868-57a2d4851a1d" relativeResultsDirectory="89cb91eb-373f-47b6-a3f7-5c3757480cfb">
    </UnitTestResult>
    <UnitTestResult executionId="5ac76cd3-1af8-4c47-8c6d-01c60eec01e1" testId="281bc8cd-88d6-3995-3009-5042d9bd82cc" testName="SchemaConstructorTest" computerName="DEFU2DT034" duration="00:00:00.0001661" startTime="2016-04-14T11:12:40.9666023+02:00" endTime="2016-04-14T11:12:40.9696023+02:00" testType="13cdc9d9-ddb5-4fa4-a97d-d965ccfc6d4b" outcome="Passed" testListId="8c84fa94-04c1-424b-9868-57a2d4851a1d" relativeResultsDirectory="5ac76cd3-1af8-4c47-8c6d-01c60eec01e1">
    </UnitTestResult>
    <UnitTestResult executionId="465f2c2e-4a87-46c0-a257-38c5c5d285bf" testId="54791b1f-78c0-039f-9fa1-9569e5ca54ad" testName="parseTest6" computerName="DEFU2DT034" duration="00:00:00.0183093" startTime="2016-04-14T11:12:40.9726023+02:00" endTime="2016-04-14T11:12:40.9936023+02:00" testType="13cdc9d9-ddb5-4fa4-a97d-d965ccfc6d4b" outcome="Failed" testListId="8c84fa94-04c1-424b-9868-57a2d4851a1d" relativeResultsDirectory="465f2c2e-4a87-46c0-a257-38c5c5d285bf">
      <Output>
        <ErrorInfo>
          <Message>Assert.AreEqual failed. Expected:&lt;0 root
    3 Personendaten
        5 Vorname=
        5 Nachname=
   R3 Gesamter-Name=
    3 Bestellungen(1)
        5 Artikelnr=
    3 Bestellungen(2)
        5 Artikelnr=
&gt;. Actual:&lt;0 root
    1 Daten
        3 Personendaten
            5 Vorname=
            5 Nachname=
       R3 Gesamter-Name=
        3 Bestellungen(1)
            5 Artikelnr=
        3 Bestellungen(2)
            5 Artikelnr=
&gt;. </Message>
          <StackTrace>   bei _1920ParserTest.SchemaTest.parseTest6() in C:\Users\rene.ederer\Desktop\abschlussprojekt\trunk\1920Parser\1920ParserTest\SchemaTest.cs:Zeile 219.
</StackTrace>
        </ErrorInfo>
      </Output>
    </UnitTestResult>
    <UnitTestResult executionId="a6f164db-e5f1-450a-858e-0e4f709573fc" testId="6be285e0-bb79-d050-8355-3cb953a60702" testName="parseTest5" computerName="DEFU2DT034" duration="00:00:00.0002986" startTime="2016-04-14T11:12:40.9966023+02:00" endTime="2016-04-14T11:12:41.0006023+02:00" testType="13cdc9d9-ddb5-4fa4-a97d-d965ccfc6d4b" outcome="Passed" testListId="8c84fa94-04c1-424b-9868-57a2d4851a1d" relativeResultsDirectory="a6f164db-e5f1-450a-858e-0e4f709573fc">
    </UnitTestResult>
    <UnitTestResult executionId="743c3b2d-91b7-4741-81a4-fce4222c1adb" testId="6e6bd8bb-cdbf-56b8-7471-fafb933a866a" testName="ValueNodesWithDifferentAttributeValuesAreNotEqual" computerName="DEFU2DT034" duration="00:00:00.0002857" startTime="2016-04-14T11:12:41.0036023+02:00" endTime="2016-04-14T11:12:41.0066023+02:00" testType="13cdc9d9-ddb5-4fa4-a97d-d965ccfc6d4b" outcome="Passed" testListId="8c84fa94-04c1-424b-9868-57a2d4851a1d" relativeResultsDirectory="743c3b2d-91b7-4741-81a4-fce4222c1adb">
    </UnitTestResult>
    <UnitTestResult executionId="da2dfc0b-9612-4eb3-b99b-aa1b922d37db" testId="7df3a74e-9c9c-cd66-7d97-61d059bb829c" testName="ToStringTest1" computerName="DEFU2DT034" duration="00:01:05.3750000" startTime="2016-04-14T11:12:41.0096023+02:00" endTime="2016-04-14T11:13:46.3846023+02:00" testType="13cdc9d9-ddb5-4fa4-a97d-d965ccfc6d4b" outcome="Aborted" testListId="8c84fa94-04c1-424b-9868-57a2d4851a1d" relativeResultsDirectory="da2dfc0b-9612-4eb3-b99b-aa1b922d37db">
    </UnitTestResult>
    <UnitTestResult executionId="31ef8d60-d6c4-4ba4-ab99-9be6f36f7f26" testId="7fc7de51-49a8-e734-c1ee-8be35e8a0ac9" testName="GroupNodesWithEqualValuesAndDifferentChildrenAreNotEqualTest" computerName="DEFU2DT034" testType="13cdc9d9-ddb5-4fa4-a97d-d965ccfc6d4b" outcome="NotExecuted" testListId="8c84fa94-04c1-424b-9868-57a2d4851a1d" relativeResultsDirectory="31ef8d60-d6c4-4ba4-ab99-9be6f36f7f26">
    </UnitTestResult>
    <UnitTestResult executionId="93c9a78b-4c84-49a9-b220-f9ebe30b6fbb" testId="a279bd52-9691-0fb2-df5c-f4ab461b51ab" testName="GroupNodesWithEqualValuesAndEqualChildrenAreEqualTest" computerName="DEFU2DT034" testType="13cdc9d9-ddb5-4fa4-a97d-d965ccfc6d4b" outcome="NotExecuted" testListId="8c84fa94-04c1-424b-9868-57a2d4851a1d" relativeResultsDirectory="93c9a78b-4c84-49a9-b220-f9ebe30b6fbb">
    </UnitTestResult>
    <UnitTestResult executionId="7295868e-d4c1-4c79-94bb-5ef7a4cf6578" testId="fc035e30-09db-b3c2-2668-8fad0063e4b8" testName="parseTest1" computerName="DEFU2DT034" testType="13cdc9d9-ddb5-4fa4-a97d-d965ccfc6d4b" outcome="NotExecuted" testListId="8c84fa94-04c1-424b-9868-57a2d4851a1d" relativeResultsDirectory="7295868e-d4c1-4c79-94bb-5ef7a4cf6578">
    </UnitTestResult>
  </Results>
</TestRun>