<?xml version="1.0" encoding="UTF-8"?>
<TestRun id="475c905a-5c79-4ad5-976b-9fc80ee3f218" name="rene.ederer@DEFU2DT034 2016-04-14 10:27:32" runUser="PHOENIX\rene.ederer" xmlns="http://microsoft.com/schemas/VisualStudio/TeamTest/2010">
  <TestSettings name="Local" id="5fdf143e-7b2a-4acc-8b36-ff5a8a147335">
    <Description>These are default test settings for a local test run.</Description>
    <Deployment enabled="false" runDeploymentRoot="rene.ederer_DEFU2DT034 2016-04-14 10_27_32">
      <DeploymentItem filename="C:\Users\rene.ederer\Desktop\abschlussprojekt\trunk\1920Parser\1920Parser\bin\Debug\1920Parser.exe" />
    </Deployment>
    <Execution>
      <TestTypeSpecific />
      <AgentRule name="Execution Agents">
      </AgentRule>
    </Execution>
  </TestSettings>
  <Times creation="2016-04-14T10:27:32.3234187+02:00" queuing="2016-04-14T10:27:33.2795143+02:00" start="2016-04-14T10:27:33.3755239+02:00" finish="2016-04-14T10:27:34.2466110+02:00" />
  <ResultSummary outcome="Failed">
    <Counters total="12" executed="12" passed="9" error="0" failed="3" timeout="0" aborted="0" inconclusive="0" passedButRunAborted="0" notRunnable="0" notExecuted="0" disconnected="0" warning="0" completed="0" inProgress="0" pending="0" />
  </ResultSummary>
  <TestDefinitions>
    <UnitTest name="parseTest5" storage="c:\users\rene.ederer\desktop\abschlussprojekt\trunk\1920parser\1920parsertest\bin\debug\1920parsertest.dll" id="6be285e0-bb79-d050-8355-3cb953a60702">
      <Execution id="95fb9b2a-c0a9-4944-bb2c-83bb6a7a6b8d" />
      <TestMethod codeBase="C:/Users/rene.ederer/Desktop/abschlussprojekt/trunk/1920Parser/1920ParserTest/bin/Debug/1920ParserTest.DLL" adapterTypeName="Microsoft.VisualStudio.TestTools.TestTypes.Unit.UnitTestAdapter, Microsoft.VisualStudio.QualityTools.Tips.UnitTest.Adapter, Version=10.0.0.0, Culture=neutral, PublicKeyToken=b03f5f7f11d50a3a" className="_1920ParserTest.SchemaTest, 1920ParserTest, Version=1.0.0.0, Culture=neutral, PublicKeyToken=null" name="parseTest5" />
    </UnitTest>
    <UnitTest name="parseTest1" storage="c:\users\rene.ederer\desktop\abschlussprojekt\trunk\1920parser\1920parsertest\bin\debug\1920parsertest.dll" id="fc035e30-09db-b3c2-2668-8fad0063e4b8">
      <Execution id="b7432b08-e0cf-47f3-aac8-f3b5070e3d4f" />
      <TestMethod codeBase="C:/Users/rene.ederer/Desktop/abschlussprojekt/trunk/1920Parser/1920ParserTest/bin/Debug/1920ParserTest.DLL" adapterTypeName="Microsoft.VisualStudio.TestTools.TestTypes.Unit.UnitTestAdapter, Microsoft.VisualStudio.QualityTools.Tips.UnitTest.Adapter, Version=10.0.0.0, Culture=neutral, PublicKeyToken=b03f5f7f11d50a3a" className="_1920ParserTest.SchemaTest, 1920ParserTest, Version=1.0.0.0, Culture=neutral, PublicKeyToken=null" name="parseTest1" />
    </UnitTest>
    <UnitTest name="GroupNodesWithEqualValuesAndEqualChildrenAreEqualTest" storage="c:\users\rene.ederer\desktop\abschlussprojekt\trunk\1920parser\1920parsertest\bin\debug\1920parsertest.dll" id="a279bd52-9691-0fb2-df5c-f4ab461b51ab">
      <Execution id="7ab61f8a-5e9f-4d0f-a330-2bc72acdc233" />
      <TestMethod codeBase="C:/Users/rene.ederer/Desktop/abschlussprojekt/trunk/1920Parser/1920ParserTest/bin/Debug/1920ParserTest.DLL" adapterTypeName="Microsoft.VisualStudio.TestTools.TestTypes.Unit.UnitTestAdapter, Microsoft.VisualStudio.QualityTools.Tips.UnitTest.Adapter, Version=10.0.0.0, Culture=neutral, PublicKeyToken=b03f5f7f11d50a3a" className="_1920ParserTest.GroupNodeTest, 1920ParserTest, Version=1.0.0.0, Culture=neutral, PublicKeyToken=null" name="GroupNodesWithEqualValuesAndEqualChildrenAreEqualTest" />
    </UnitTest>
    <UnitTest name="parseTest4" storage="c:\users\rene.ederer\desktop\abschlussprojekt\trunk\1920parser\1920parsertest\bin\debug\1920parsertest.dll" id="229263ac-20fb-933f-adcf-6c3ef6ff642a">
      <Execution id="57ec1cb2-c596-4fd9-b230-dc6195f3750b" />
      <TestMethod codeBase="C:/Users/rene.ederer/Desktop/abschlussprojekt/trunk/1920Parser/1920ParserTest/bin/Debug/1920ParserTest.DLL" adapterTypeName="Microsoft.VisualStudio.TestTools.TestTypes.Unit.UnitTestAdapter, Microsoft.VisualStudio.QualityTools.Tips.UnitTest.Adapter, Version=10.0.0.0, Culture=neutral, PublicKeyToken=b03f5f7f11d50a3a" className="_1920ParserTest.SchemaTest, 1920ParserTest, Version=1.0.0.0, Culture=neutral, PublicKeyToken=null" name="parseTest4" />
    </UnitTest>
    <UnitTest name="GroupNodesWithEqualValuesAndDifferentChildrenAreNotEqualTest" storage="c:\users\rene.ederer\desktop\abschlussprojekt\trunk\1920parser\1920parsertest\bin\debug\1920parsertest.dll" id="7fc7de51-49a8-e734-c1ee-8be35e8a0ac9">
      <Execution id="7677e388-eab8-4efb-9c6e-98d813585bbf" />
      <TestMethod codeBase="C:/Users/rene.ederer/Desktop/abschlussprojekt/trunk/1920Parser/1920ParserTest/bin/Debug/1920ParserTest.DLL" adapterTypeName="Microsoft.VisualStudio.TestTools.TestTypes.Unit.UnitTestAdapter, Microsoft.VisualStudio.QualityTools.Tips.UnitTest.Adapter, Version=10.0.0.0, Culture=neutral, PublicKeyToken=b03f5f7f11d50a3a" className="_1920ParserTest.GroupNodeTest, 1920ParserTest, Version=1.0.0.0, Culture=neutral, PublicKeyToken=null" name="GroupNodesWithEqualValuesAndDifferentChildrenAreNotEqualTest" />
    </UnitTest>
    <UnitTest name="SchemaConstructorTest" storage="c:\users\rene.ederer\desktop\abschlussprojekt\trunk\1920parser\1920parsertest\bin\debug\1920parsertest.dll" id="281bc8cd-88d6-3995-3009-5042d9bd82cc">
      <Execution id="d6e27c0a-d44e-439f-b55b-df95c34b7768" />
      <TestMethod codeBase="C:/Users/rene.ederer/Desktop/abschlussprojekt/trunk/1920Parser/1920ParserTest/bin/Debug/1920ParserTest.DLL" adapterTypeName="Microsoft.VisualStudio.TestTools.TestTypes.Unit.UnitTestAdapter, Microsoft.VisualStudio.QualityTools.Tips.UnitTest.Adapter, Version=10.0.0.0, Culture=neutral, PublicKeyToken=b03f5f7f11d50a3a" className="_1920ParserTest.SchemaTest, 1920ParserTest, Version=1.0.0.0, Culture=neutral, PublicKeyToken=null" name="SchemaConstructorTest" />
    </UnitTest>
    <UnitTest name="parseTest3" storage="c:\users\rene.ederer\desktop\abschlussprojekt\trunk\1920parser\1920parsertest\bin\debug\1920parsertest.dll" id="24b77d83-1bd8-2cb9-dde3-e4b84ea83c59">
      <Execution id="9d434f2d-8589-4b56-b4bf-b985d6ed09df" />
      <TestMethod codeBase="C:/Users/rene.ederer/Desktop/abschlussprojekt/trunk/1920Parser/1920ParserTest/bin/Debug/1920ParserTest.DLL" adapterTypeName="Microsoft.VisualStudio.TestTools.TestTypes.Unit.UnitTestAdapter, Microsoft.VisualStudio.QualityTools.Tips.UnitTest.Adapter, Version=10.0.0.0, Culture=neutral, PublicKeyToken=b03f5f7f11d50a3a" className="_1920ParserTest.SchemaTest, 1920ParserTest, Version=1.0.0.0, Culture=neutral, PublicKeyToken=null" name="parseTest3" />
    </UnitTest>
    <UnitTest name="parseTest6" storage="c:\users\rene.ederer\desktop\abschlussprojekt\trunk\1920parser\1920parsertest\bin\debug\1920parsertest.dll" id="54791b1f-78c0-039f-9fa1-9569e5ca54ad">
      <Execution id="4c0456d4-b471-4a4c-bc2a-c71f1846c660" />
      <TestMethod codeBase="C:/Users/rene.ederer/Desktop/abschlussprojekt/trunk/1920Parser/1920ParserTest/bin/Debug/1920ParserTest.DLL" adapterTypeName="Microsoft.VisualStudio.TestTools.TestTypes.Unit.UnitTestAdapter, Microsoft.VisualStudio.QualityTools.Tips.UnitTest.Adapter, Version=10.0.0.0, Culture=neutral, PublicKeyToken=b03f5f7f11d50a3a" className="_1920ParserTest.SchemaTest, 1920ParserTest, Version=1.0.0.0, Culture=neutral, PublicKeyToken=null" name="parseTest6" />
    </UnitTest>
    <UnitTest name="ValueNodesWithDifferentAttributeValuesAreNotEqual" storage="c:\users\rene.ederer\desktop\abschlussprojekt\trunk\1920parser\1920parsertest\bin\debug\1920parsertest.dll" id="6e6bd8bb-cdbf-56b8-7471-fafb933a866a">
      <Execution id="935e0c57-f8a3-4cab-8cfe-0a3379ba4fed" />
      <TestMethod codeBase="C:/Users/rene.ederer/Desktop/abschlussprojekt/trunk/1920Parser/1920ParserTest/bin/Debug/1920ParserTest.DLL" adapterTypeName="Microsoft.VisualStudio.TestTools.TestTypes.Unit.UnitTestAdapter, Microsoft.VisualStudio.QualityTools.Tips.UnitTest.Adapter, Version=10.0.0.0, Culture=neutral, PublicKeyToken=b03f5f7f11d50a3a" className="_1920ParserTest.ValueNodeTest, 1920ParserTest, Version=1.0.0.0, Culture=neutral, PublicKeyToken=null" name="ValueNodesWithDifferentAttributeValuesAreNotEqual" />
    </UnitTest>
    <UnitTest name="GrouptAssignValueTest" storage="c:\users\rene.ederer\desktop\abschlussprojekt\trunk\1920parser\1920parsertest\bin\debug\1920parsertest.dll" id="065b8fc4-d81f-c482-fcc4-3e7983908bcc">
      <Execution id="471d8cbe-7023-4143-96b6-a9d2d221b0db" />
      <TestMethod codeBase="C:/Users/rene.ederer/Desktop/abschlussprojekt/trunk/1920Parser/1920ParserTest/bin/Debug/1920ParserTest.DLL" adapterTypeName="Microsoft.VisualStudio.TestTools.TestTypes.Unit.UnitTestAdapter, Microsoft.VisualStudio.QualityTools.Tips.UnitTest.Adapter, Version=10.0.0.0, Culture=neutral, PublicKeyToken=b03f5f7f11d50a3a" className="_1920ParserTest.GroupNodeTest, 1920ParserTest, Version=1.0.0.0, Culture=neutral, PublicKeyToken=null" name="GrouptAssignValueTest" />
    </UnitTest>
    <UnitTest name="parseTest2" storage="c:\users\rene.ederer\desktop\abschlussprojekt\trunk\1920parser\1920parsertest\bin\debug\1920parsertest.dll" id="00148ed8-920f-ad73-9df0-d7607b5c27c6">
      <Execution id="398e23fb-68dc-4eaf-9100-6551a0208fc2" />
      <TestMethod codeBase="C:/Users/rene.ederer/Desktop/abschlussprojekt/trunk/1920Parser/1920ParserTest/bin/Debug/1920ParserTest.DLL" adapterTypeName="Microsoft.VisualStudio.TestTools.TestTypes.Unit.UnitTestAdapter, Microsoft.VisualStudio.QualityTools.Tips.UnitTest.Adapter, Version=10.0.0.0, Culture=neutral, PublicKeyToken=b03f5f7f11d50a3a" className="_1920ParserTest.SchemaTest, 1920ParserTest, Version=1.0.0.0, Culture=neutral, PublicKeyToken=null" name="parseTest2" />
    </UnitTest>
    <UnitTest name="ValueNodesWithSamAeattributeValuesAreEqual" storage="c:\users\rene.ederer\desktop\abschlussprojekt\trunk\1920parser\1920parsertest\bin\debug\1920parsertest.dll" id="1e2a12f1-a0d8-d597-c9a5-5e66af3ed8c6">
      <Execution id="2a85c0be-8a86-421e-9a9c-27f415d99c4e" />
      <TestMethod codeBase="C:/Users/rene.ederer/Desktop/abschlussprojekt/trunk/1920Parser/1920ParserTest/bin/Debug/1920ParserTest.DLL" adapterTypeName="Microsoft.VisualStudio.TestTools.TestTypes.Unit.UnitTestAdapter, Microsoft.VisualStudio.QualityTools.Tips.UnitTest.Adapter, Version=10.0.0.0, Culture=neutral, PublicKeyToken=b03f5f7f11d50a3a" className="_1920ParserTest.ValueNodeTest, 1920ParserTest, Version=1.0.0.0, Culture=neutral, PublicKeyToken=null" name="ValueNodesWithSamAeattributeValuesAreEqual" />
    </UnitTest>
  </TestDefinitions>
  <TestLists>
    <TestList name="Results Not in a List" id="8c84fa94-04c1-424b-9868-57a2d4851a1d" />
    <TestList name="All Loaded Results" id="19431567-8539-422a-85d7-44ee4e166bda" />
  </TestLists>
  <TestEntries>
    <TestEntry testId="00148ed8-920f-ad73-9df0-d7607b5c27c6" executionId="398e23fb-68dc-4eaf-9100-6551a0208fc2" testListId="8c84fa94-04c1-424b-9868-57a2d4851a1d" />
    <TestEntry testId="065b8fc4-d81f-c482-fcc4-3e7983908bcc" executionId="471d8cbe-7023-4143-96b6-a9d2d221b0db" testListId="8c84fa94-04c1-424b-9868-57a2d4851a1d" />
    <TestEntry testId="1e2a12f1-a0d8-d597-c9a5-5e66af3ed8c6" executionId="2a85c0be-8a86-421e-9a9c-27f415d99c4e" testListId="8c84fa94-04c1-424b-9868-57a2d4851a1d" />
    <TestEntry testId="229263ac-20fb-933f-adcf-6c3ef6ff642a" executionId="57ec1cb2-c596-4fd9-b230-dc6195f3750b" testListId="8c84fa94-04c1-424b-9868-57a2d4851a1d" />
    <TestEntry testId="24b77d83-1bd8-2cb9-dde3-e4b84ea83c59" executionId="9d434f2d-8589-4b56-b4bf-b985d6ed09df" testListId="8c84fa94-04c1-424b-9868-57a2d4851a1d" />
    <TestEntry testId="281bc8cd-88d6-3995-3009-5042d9bd82cc" executionId="d6e27c0a-d44e-439f-b55b-df95c34b7768" testListId="8c84fa94-04c1-424b-9868-57a2d4851a1d" />
    <TestEntry testId="54791b1f-78c0-039f-9fa1-9569e5ca54ad" executionId="4c0456d4-b471-4a4c-bc2a-c71f1846c660" testListId="8c84fa94-04c1-424b-9868-57a2d4851a1d" />
    <TestEntry testId="6be285e0-bb79-d050-8355-3cb953a60702" executionId="95fb9b2a-c0a9-4944-bb2c-83bb6a7a6b8d" testListId="8c84fa94-04c1-424b-9868-57a2d4851a1d" />
    <TestEntry testId="6e6bd8bb-cdbf-56b8-7471-fafb933a866a" executionId="935e0c57-f8a3-4cab-8cfe-0a3379ba4fed" testListId="8c84fa94-04c1-424b-9868-57a2d4851a1d" />
    <TestEntry testId="7fc7de51-49a8-e734-c1ee-8be35e8a0ac9" executionId="7677e388-eab8-4efb-9c6e-98d813585bbf" testListId="8c84fa94-04c1-424b-9868-57a2d4851a1d" />
    <TestEntry testId="a279bd52-9691-0fb2-df5c-f4ab461b51ab" executionId="7ab61f8a-5e9f-4d0f-a330-2bc72acdc233" testListId="8c84fa94-04c1-424b-9868-57a2d4851a1d" />
    <TestEntry testId="fc035e30-09db-b3c2-2668-8fad0063e4b8" executionId="b7432b08-e0cf-47f3-aac8-f3b5070e3d4f" testListId="8c84fa94-04c1-424b-9868-57a2d4851a1d" />
  </TestEntries>
  <Results>
    <UnitTestResult executionId="398e23fb-68dc-4eaf-9100-6551a0208fc2" testId="00148ed8-920f-ad73-9df0-d7607b5c27c6" testName="parseTest2" computerName="DEFU2DT034" duration="00:00:00.0185897" startTime="2016-04-14T10:27:33.4835347+02:00" endTime="2016-04-14T10:27:33.9445808+02:00" testType="13cdc9d9-ddb5-4fa4-a97d-d965ccfc6d4b" outcome="Passed" testListId="8c84fa94-04c1-424b-9868-57a2d4851a1d" relativeResultsDirectory="398e23fb-68dc-4eaf-9100-6551a0208fc2">
    </UnitTestResult>
    <UnitTestResult executionId="471d8cbe-7023-4143-96b6-a9d2d221b0db" testId="065b8fc4-d81f-c482-fcc4-3e7983908bcc" testName="GrouptAssignValueTest" computerName="DEFU2DT034" duration="00:00:00.0728655" startTime="2016-04-14T10:27:33.9495813+02:00" endTime="2016-04-14T10:27:34.0265890+02:00" testType="13cdc9d9-ddb5-4fa4-a97d-d965ccfc6d4b" outcome="Failed" testListId="8c84fa94-04c1-424b-9868-57a2d4851a1d" relativeResultsDirectory="471d8cbe-7023-4143-96b6-a9d2d221b0db">
      <Output>
        <ErrorInfo>
          <Message>Test method _1920ParserTest.GroupNodeTest.GrouptAssignValueTest threw exception: 
System.ArgumentOutOfRangeException: Der Index und die Länge müssen sich auf eine Position in der Zeichenfolge beziehen.
Parametername: length</Message>
          <StackTrace>    bei System.String.InternalSubStringWithChecks(Int32 startIndex, Int32 length, Boolean fAlwaysCopy)
   bei System.String.Substring(Int32 startIndex, Int32 length)
   bei _1920Parser.ValueNode.AssignValue(String data) in C:\Users\rene.ederer\Desktop\abschlussprojekt\trunk\1920Parser\1920Parser\ValueNode.cs:Zeile 28.
   bei _1920ParserTest.GroupNodeTest.GrouptAssignValueTest() in C:\Users\rene.ederer\Desktop\abschlussprojekt\trunk\1920Parser\1920ParserTest\GroupNodeTest.cs:Zeile 148.
</StackTrace>
        </ErrorInfo>
      </Output>
    </UnitTestResult>
    <UnitTestResult executionId="2a85c0be-8a86-421e-9a9c-27f415d99c4e" testId="1e2a12f1-a0d8-d597-c9a5-5e66af3ed8c6" testName="ValueNodesWithSamAeattributeValuesAreEqual" computerName="DEFU2DT034" duration="00:00:00.0003250" startTime="2016-04-14T10:27:34.0325896+02:00" endTime="2016-04-14T10:27:34.0365900+02:00" testType="13cdc9d9-ddb5-4fa4-a97d-d965ccfc6d4b" outcome="Passed" testListId="8c84fa94-04c1-424b-9868-57a2d4851a1d" relativeResultsDirectory="2a85c0be-8a86-421e-9a9c-27f415d99c4e">
    </UnitTestResult>
    <UnitTestResult executionId="57ec1cb2-c596-4fd9-b230-dc6195f3750b" testId="229263ac-20fb-933f-adcf-6c3ef6ff642a" testName="parseTest4" computerName="DEFU2DT034" duration="00:00:00.0344204" startTime="2016-04-14T10:27:34.0395903+02:00" endTime="2016-04-14T10:27:34.0765940+02:00" testType="13cdc9d9-ddb5-4fa4-a97d-d965ccfc6d4b" outcome="Failed" testListId="8c84fa94-04c1-424b-9868-57a2d4851a1d" relativeResultsDirectory="57ec1cb2-c596-4fd9-b230-dc6195f3750b">
      <Output>
        <ErrorInfo>
          <Message>Assert.AreEqual failed. Expected:&lt;_1920Parser.GroupNode&gt;. Actual:&lt;_1920Parser.GroupNode&gt;. </Message>
          <StackTrace>   bei _1920ParserTest.SchemaTest.parseTest4() in C:\Users\rene.ederer\Desktop\abschlussprojekt\trunk\1920Parser\1920ParserTest\SchemaTest.cs:Zeile 163.
</StackTrace>
        </ErrorInfo>
      </Output>
    </UnitTestResult>
    <UnitTestResult executionId="9d434f2d-8589-4b56-b4bf-b985d6ed09df" testId="24b77d83-1bd8-2cb9-dde3-e4b84ea83c59" testName="parseTest3" computerName="DEFU2DT034" duration="00:00:00.0003502" startTime="2016-04-14T10:27:34.0795943+02:00" endTime="2016-04-14T10:27:34.0835947+02:00" testType="13cdc9d9-ddb5-4fa4-a97d-d965ccfc6d4b" outcome="Passed" testListId="8c84fa94-04c1-424b-9868-57a2d4851a1d" relativeResultsDirectory="9d434f2d-8589-4b56-b4bf-b985d6ed09df">
    </UnitTestResult>
    <UnitTestResult executionId="d6e27c0a-d44e-439f-b55b-df95c34b7768" testId="281bc8cd-88d6-3995-3009-5042d9bd82cc" testName="SchemaConstructorTest" computerName="DEFU2DT034" duration="00:00:00.0001691" startTime="2016-04-14T10:27:34.0865950+02:00" endTime="2016-04-14T10:27:34.0895953+02:00" testType="13cdc9d9-ddb5-4fa4-a97d-d965ccfc6d4b" outcome="Passed" testListId="8c84fa94-04c1-424b-9868-57a2d4851a1d" relativeResultsDirectory="d6e27c0a-d44e-439f-b55b-df95c34b7768">
    </UnitTestResult>
    <UnitTestResult executionId="4c0456d4-b471-4a4c-bc2a-c71f1846c660" testId="54791b1f-78c0-039f-9fa1-9569e5ca54ad" testName="parseTest6" computerName="DEFU2DT034" duration="00:00:00.0191273" startTime="2016-04-14T10:27:34.1125976+02:00" endTime="2016-04-14T10:27:34.1345998+02:00" testType="13cdc9d9-ddb5-4fa4-a97d-d965ccfc6d4b" outcome="Failed" testListId="8c84fa94-04c1-424b-9868-57a2d4851a1d" relativeResultsDirectory="4c0456d4-b471-4a4c-bc2a-c71f1846c660">
      <Output>
        <ErrorInfo>
          <Message>Assert.AreEqual failed. Expected:&lt;_1920Parser.GroupNode&gt;. Actual:&lt;_1920Parser.GroupNode&gt;. </Message>
          <StackTrace>   bei _1920ParserTest.SchemaTest.parseTest6() in C:\Users\rene.ederer\Desktop\abschlussprojekt\trunk\1920Parser\1920ParserTest\SchemaTest.cs:Zeile 219.
</StackTrace>
        </ErrorInfo>
      </Output>
    </UnitTestResult>
    <UnitTestResult executionId="95fb9b2a-c0a9-4944-bb2c-83bb6a7a6b8d" testId="6be285e0-bb79-d050-8355-3cb953a60702" testName="parseTest5" computerName="DEFU2DT034" duration="00:00:00.0002986" startTime="2016-04-14T10:27:34.1376001+02:00" endTime="2016-04-14T10:27:34.1416005+02:00" testType="13cdc9d9-ddb5-4fa4-a97d-d965ccfc6d4b" outcome="Passed" testListId="8c84fa94-04c1-424b-9868-57a2d4851a1d" relativeResultsDirectory="95fb9b2a-c0a9-4944-bb2c-83bb6a7a6b8d">
    </UnitTestResult>
    <UnitTestResult executionId="935e0c57-f8a3-4cab-8cfe-0a3379ba4fed" testId="6e6bd8bb-cdbf-56b8-7471-fafb933a866a" testName="ValueNodesWithDifferentAttributeValuesAreNotEqual" computerName="DEFU2DT034" duration="00:00:00.0002420" startTime="2016-04-14T10:27:34.1466010+02:00" endTime="2016-04-14T10:27:34.1496013+02:00" testType="13cdc9d9-ddb5-4fa4-a97d-d965ccfc6d4b" outcome="Passed" testListId="8c84fa94-04c1-424b-9868-57a2d4851a1d" relativeResultsDirectory="935e0c57-f8a3-4cab-8cfe-0a3379ba4fed">
    </UnitTestResult>
    <UnitTestResult executionId="7677e388-eab8-4efb-9c6e-98d813585bbf" testId="7fc7de51-49a8-e734-c1ee-8be35e8a0ac9" testName="GroupNodesWithEqualValuesAndDifferentChildrenAreNotEqualTest" computerName="DEFU2DT034" duration="00:00:00.0003267" startTime="2016-04-14T10:27:34.1526016+02:00" endTime="2016-04-14T10:27:34.1566020+02:00" testType="13cdc9d9-ddb5-4fa4-a97d-d965ccfc6d4b" outcome="Passed" testListId="8c84fa94-04c1-424b-9868-57a2d4851a1d" relativeResultsDirectory="7677e388-eab8-4efb-9c6e-98d813585bbf">
    </UnitTestResult>
    <UnitTestResult executionId="7ab61f8a-5e9f-4d0f-a330-2bc72acdc233" testId="a279bd52-9691-0fb2-df5c-f4ab461b51ab" testName="GroupNodesWithEqualValuesAndEqualChildrenAreEqualTest" computerName="DEFU2DT034" duration="00:00:00.0003174" startTime="2016-04-14T10:27:34.1586022+02:00" endTime="2016-04-14T10:27:34.1626026+02:00" testType="13cdc9d9-ddb5-4fa4-a97d-d965ccfc6d4b" outcome="Passed" testListId="8c84fa94-04c1-424b-9868-57a2d4851a1d" relativeResultsDirectory="7ab61f8a-5e9f-4d0f-a330-2bc72acdc233">
    </UnitTestResult>
    <UnitTestResult executionId="b7432b08-e0cf-47f3-aac8-f3b5070e3d4f" testId="fc035e30-09db-b3c2-2668-8fad0063e4b8" testName="parseTest1" computerName="DEFU2DT034" duration="00:00:00.0002953" startTime="2016-04-14T10:27:34.1846048+02:00" endTime="2016-04-14T10:27:34.1886052+02:00" testType="13cdc9d9-ddb5-4fa4-a97d-d965ccfc6d4b" outcome="Passed" testListId="8c84fa94-04c1-424b-9868-57a2d4851a1d" relativeResultsDirectory="b7432b08-e0cf-47f3-aac8-f3b5070e3d4f">
    </UnitTestResult>
  </Results>
</TestRun>