<?xml version="1.0" encoding="UTF-8"?>
<TestRun id="d99540f7-47cb-4dc4-a537-686040a7ef6c" name="rene.ederer@DEFU2DT034 2016-04-14 10:28:30" runUser="PHOENIX\rene.ederer" xmlns="http://microsoft.com/schemas/VisualStudio/TeamTest/2010">
  <TestSettings name="Local" id="5fdf143e-7b2a-4acc-8b36-ff5a8a147335">
    <Description>These are default test settings for a local test run.</Description>
    <Deployment enabled="false" runDeploymentRoot="rene.ederer_DEFU2DT034 2016-04-14 10_28_30">
      <DeploymentItem filename="C:\Users\rene.ederer\Desktop\abschlussprojekt\trunk\1920Parser\1920Parser\bin\Debug\1920Parser.exe" />
    </Deployment>
    <Execution>
      <TestTypeSpecific />
      <AgentRule name="Execution Agents">
      </AgentRule>
    </Execution>
  </TestSettings>
  <Times creation="2016-04-14T10:28:30.1692027+02:00" queuing="2016-04-14T10:28:30.9992857+02:00" start="2016-04-14T10:28:31.1342992+02:00" finish="2016-04-14T10:29:30.1512003+02:00" />
  <ResultSummary outcome="Error">
    <Counters total="12" executed="2" passed="1" error="0" failed="0" timeout="0" aborted="1" inconclusive="0" passedButRunAborted="0" notRunnable="0" notExecuted="10" disconnected="0" warning="0" completed="0" inProgress="0" pending="0" />
    <RunInfos>
      <RunInfo computerName="DEFU2DT034" outcome="Error" timestamp="2016-04-14T10:29:30.1311983+02:00">
        <Text>Test host process exited unexpectedly.</Text>
      </RunInfo>
    </RunInfos>
  </ResultSummary>
  <TestDefinitions>
    <UnitTest name="parseTest5" storage="c:\users\rene.ederer\desktop\abschlussprojekt\trunk\1920parser\1920parsertest\bin\debug\1920parsertest.dll" id="6be285e0-bb79-d050-8355-3cb953a60702">
      <Execution id="1e26799b-bd76-408d-badc-1e00f1b1bad1" />
      <TestMethod codeBase="C:/Users/rene.ederer/Desktop/abschlussprojekt/trunk/1920Parser/1920ParserTest/bin/Debug/1920ParserTest.DLL" adapterTypeName="Microsoft.VisualStudio.TestTools.TestTypes.Unit.UnitTestAdapter, Microsoft.VisualStudio.QualityTools.Tips.UnitTest.Adapter, Version=10.0.0.0, Culture=neutral, PublicKeyToken=b03f5f7f11d50a3a" className="_1920ParserTest.SchemaTest, 1920ParserTest, Version=1.0.0.0, Culture=neutral, PublicKeyToken=null" name="parseTest5" />
    </UnitTest>
    <UnitTest name="parseTest1" storage="c:\users\rene.ederer\desktop\abschlussprojekt\trunk\1920parser\1920parsertest\bin\debug\1920parsertest.dll" id="fc035e30-09db-b3c2-2668-8fad0063e4b8">
      <Execution id="146a87dc-d57e-4fea-ba31-65a86f566332" />
      <TestMethod codeBase="C:/Users/rene.ederer/Desktop/abschlussprojekt/trunk/1920Parser/1920ParserTest/bin/Debug/1920ParserTest.DLL" adapterTypeName="Microsoft.VisualStudio.TestTools.TestTypes.Unit.UnitTestAdapter, Microsoft.VisualStudio.QualityTools.Tips.UnitTest.Adapter, Version=10.0.0.0, Culture=neutral, PublicKeyToken=b03f5f7f11d50a3a" className="_1920ParserTest.SchemaTest, 1920ParserTest, Version=1.0.0.0, Culture=neutral, PublicKeyToken=null" name="parseTest1" />
    </UnitTest>
    <UnitTest name="GroupNodesWithEqualValuesAndEqualChildrenAreEqualTest" storage="c:\users\rene.ederer\desktop\abschlussprojekt\trunk\1920parser\1920parsertest\bin\debug\1920parsertest.dll" id="a279bd52-9691-0fb2-df5c-f4ab461b51ab">
      <Execution id="24c87871-9178-4328-8f8b-aee83f8afe5b" />
      <TestMethod codeBase="C:/Users/rene.ederer/Desktop/abschlussprojekt/trunk/1920Parser/1920ParserTest/bin/Debug/1920ParserTest.DLL" adapterTypeName="Microsoft.VisualStudio.TestTools.TestTypes.Unit.UnitTestAdapter, Microsoft.VisualStudio.QualityTools.Tips.UnitTest.Adapter, Version=10.0.0.0, Culture=neutral, PublicKeyToken=b03f5f7f11d50a3a" className="_1920ParserTest.GroupNodeTest, 1920ParserTest, Version=1.0.0.0, Culture=neutral, PublicKeyToken=null" name="GroupNodesWithEqualValuesAndEqualChildrenAreEqualTest" />
    </UnitTest>
    <UnitTest name="parseTest4" storage="c:\users\rene.ederer\desktop\abschlussprojekt\trunk\1920parser\1920parsertest\bin\debug\1920parsertest.dll" id="229263ac-20fb-933f-adcf-6c3ef6ff642a">
      <Execution id="5f041a26-b60e-4ef1-8b4d-de2e3dae4826" />
      <TestMethod codeBase="C:/Users/rene.ederer/Desktop/abschlussprojekt/trunk/1920Parser/1920ParserTest/bin/Debug/1920ParserTest.DLL" adapterTypeName="Microsoft.VisualStudio.TestTools.TestTypes.Unit.UnitTestAdapter, Microsoft.VisualStudio.QualityTools.Tips.UnitTest.Adapter, Version=10.0.0.0, Culture=neutral, PublicKeyToken=b03f5f7f11d50a3a" className="_1920ParserTest.SchemaTest, 1920ParserTest, Version=1.0.0.0, Culture=neutral, PublicKeyToken=null" name="parseTest4" />
    </UnitTest>
    <UnitTest name="GroupNodesWithEqualValuesAndDifferentChildrenAreNotEqualTest" storage="c:\users\rene.ederer\desktop\abschlussprojekt\trunk\1920parser\1920parsertest\bin\debug\1920parsertest.dll" id="7fc7de51-49a8-e734-c1ee-8be35e8a0ac9">
      <Execution id="7084eba4-2a81-40d4-9099-3c4fd2f29e63" />
      <TestMethod codeBase="C:/Users/rene.ederer/Desktop/abschlussprojekt/trunk/1920Parser/1920ParserTest/bin/Debug/1920ParserTest.DLL" adapterTypeName="Microsoft.VisualStudio.TestTools.TestTypes.Unit.UnitTestAdapter, Microsoft.VisualStudio.QualityTools.Tips.UnitTest.Adapter, Version=10.0.0.0, Culture=neutral, PublicKeyToken=b03f5f7f11d50a3a" className="_1920ParserTest.GroupNodeTest, 1920ParserTest, Version=1.0.0.0, Culture=neutral, PublicKeyToken=null" name="GroupNodesWithEqualValuesAndDifferentChildrenAreNotEqualTest" />
    </UnitTest>
    <UnitTest name="SchemaConstructorTest" storage="c:\users\rene.ederer\desktop\abschlussprojekt\trunk\1920parser\1920parsertest\bin\debug\1920parsertest.dll" id="281bc8cd-88d6-3995-3009-5042d9bd82cc">
      <Execution id="d49976b3-40ea-4bf0-863b-ffcdd41457e7" />
      <TestMethod codeBase="C:/Users/rene.ederer/Desktop/abschlussprojekt/trunk/1920Parser/1920ParserTest/bin/Debug/1920ParserTest.DLL" adapterTypeName="Microsoft.VisualStudio.TestTools.TestTypes.Unit.UnitTestAdapter, Microsoft.VisualStudio.QualityTools.Tips.UnitTest.Adapter, Version=10.0.0.0, Culture=neutral, PublicKeyToken=b03f5f7f11d50a3a" className="_1920ParserTest.SchemaTest, 1920ParserTest, Version=1.0.0.0, Culture=neutral, PublicKeyToken=null" name="SchemaConstructorTest" />
    </UnitTest>
    <UnitTest name="parseTest3" storage="c:\users\rene.ederer\desktop\abschlussprojekt\trunk\1920parser\1920parsertest\bin\debug\1920parsertest.dll" id="24b77d83-1bd8-2cb9-dde3-e4b84ea83c59">
      <Execution id="6747b563-da30-4bff-93d7-847e8923f815" />
      <TestMethod codeBase="C:/Users/rene.ederer/Desktop/abschlussprojekt/trunk/1920Parser/1920ParserTest/bin/Debug/1920ParserTest.DLL" adapterTypeName="Microsoft.VisualStudio.TestTools.TestTypes.Unit.UnitTestAdapter, Microsoft.VisualStudio.QualityTools.Tips.UnitTest.Adapter, Version=10.0.0.0, Culture=neutral, PublicKeyToken=b03f5f7f11d50a3a" className="_1920ParserTest.SchemaTest, 1920ParserTest, Version=1.0.0.0, Culture=neutral, PublicKeyToken=null" name="parseTest3" />
    </UnitTest>
    <UnitTest name="parseTest6" storage="c:\users\rene.ederer\desktop\abschlussprojekt\trunk\1920parser\1920parsertest\bin\debug\1920parsertest.dll" id="54791b1f-78c0-039f-9fa1-9569e5ca54ad">
      <Execution id="08f4b2f8-5aae-48c2-84ef-8b430bd6ed82" />
      <TestMethod codeBase="C:/Users/rene.ederer/Desktop/abschlussprojekt/trunk/1920Parser/1920ParserTest/bin/Debug/1920ParserTest.DLL" adapterTypeName="Microsoft.VisualStudio.TestTools.TestTypes.Unit.UnitTestAdapter, Microsoft.VisualStudio.QualityTools.Tips.UnitTest.Adapter, Version=10.0.0.0, Culture=neutral, PublicKeyToken=b03f5f7f11d50a3a" className="_1920ParserTest.SchemaTest, 1920ParserTest, Version=1.0.0.0, Culture=neutral, PublicKeyToken=null" name="parseTest6" />
    </UnitTest>
    <UnitTest name="ValueNodesWithDifferentAttributeValuesAreNotEqual" storage="c:\users\rene.ederer\desktop\abschlussprojekt\trunk\1920parser\1920parsertest\bin\debug\1920parsertest.dll" id="6e6bd8bb-cdbf-56b8-7471-fafb933a866a">
      <Execution id="77c54d2a-b1a1-46a8-9292-f7e60453ae0b" />
      <TestMethod codeBase="C:/Users/rene.ederer/Desktop/abschlussprojekt/trunk/1920Parser/1920ParserTest/bin/Debug/1920ParserTest.DLL" adapterTypeName="Microsoft.VisualStudio.TestTools.TestTypes.Unit.UnitTestAdapter, Microsoft.VisualStudio.QualityTools.Tips.UnitTest.Adapter, Version=10.0.0.0, Culture=neutral, PublicKeyToken=b03f5f7f11d50a3a" className="_1920ParserTest.ValueNodeTest, 1920ParserTest, Version=1.0.0.0, Culture=neutral, PublicKeyToken=null" name="ValueNodesWithDifferentAttributeValuesAreNotEqual" />
    </UnitTest>
    <UnitTest name="GrouptAssignValueTest" storage="c:\users\rene.ederer\desktop\abschlussprojekt\trunk\1920parser\1920parsertest\bin\debug\1920parsertest.dll" id="065b8fc4-d81f-c482-fcc4-3e7983908bcc">
      <Execution id="72dbbf7b-ea47-4ad1-a627-d937d9c38d38" />
      <TestMethod codeBase="C:/Users/rene.ederer/Desktop/abschlussprojekt/trunk/1920Parser/1920ParserTest/bin/Debug/1920ParserTest.DLL" adapterTypeName="Microsoft.VisualStudio.TestTools.TestTypes.Unit.UnitTestAdapter, Microsoft.VisualStudio.QualityTools.Tips.UnitTest.Adapter, Version=10.0.0.0, Culture=neutral, PublicKeyToken=b03f5f7f11d50a3a" className="_1920ParserTest.GroupNodeTest, 1920ParserTest, Version=1.0.0.0, Culture=neutral, PublicKeyToken=null" name="GrouptAssignValueTest" />
    </UnitTest>
    <UnitTest name="parseTest2" storage="c:\users\rene.ederer\desktop\abschlussprojekt\trunk\1920parser\1920parsertest\bin\debug\1920parsertest.dll" id="00148ed8-920f-ad73-9df0-d7607b5c27c6">
      <Execution id="93581df5-44df-4a18-9ec9-df4e322b9a35" />
      <TestMethod codeBase="C:/Users/rene.ederer/Desktop/abschlussprojekt/trunk/1920Parser/1920ParserTest/bin/Debug/1920ParserTest.DLL" adapterTypeName="Microsoft.VisualStudio.TestTools.TestTypes.Unit.UnitTestAdapter, Microsoft.VisualStudio.QualityTools.Tips.UnitTest.Adapter, Version=10.0.0.0, Culture=neutral, PublicKeyToken=b03f5f7f11d50a3a" className="_1920ParserTest.SchemaTest, 1920ParserTest, Version=1.0.0.0, Culture=neutral, PublicKeyToken=null" name="parseTest2" />
    </UnitTest>
    <UnitTest name="ValueNodesWithSamAeattributeValuesAreEqual" storage="c:\users\rene.ederer\desktop\abschlussprojekt\trunk\1920parser\1920parsertest\bin\debug\1920parsertest.dll" id="1e2a12f1-a0d8-d597-c9a5-5e66af3ed8c6">
      <Execution id="ad5c6ae7-59ea-4974-9beb-8b6adb5888c7" />
      <TestMethod codeBase="C:/Users/rene.ederer/Desktop/abschlussprojekt/trunk/1920Parser/1920ParserTest/bin/Debug/1920ParserTest.DLL" adapterTypeName="Microsoft.VisualStudio.TestTools.TestTypes.Unit.UnitTestAdapter, Microsoft.VisualStudio.QualityTools.Tips.UnitTest.Adapter, Version=10.0.0.0, Culture=neutral, PublicKeyToken=b03f5f7f11d50a3a" className="_1920ParserTest.ValueNodeTest, 1920ParserTest, Version=1.0.0.0, Culture=neutral, PublicKeyToken=null" name="ValueNodesWithSamAeattributeValuesAreEqual" />
    </UnitTest>
  </TestDefinitions>
  <TestLists>
    <TestList name="Results Not in a List" id="8c84fa94-04c1-424b-9868-57a2d4851a1d" />
    <TestList name="All Loaded Results" id="19431567-8539-422a-85d7-44ee4e166bda" />
  </TestLists>
  <TestEntries>
    <TestEntry testId="00148ed8-920f-ad73-9df0-d7607b5c27c6" executionId="93581df5-44df-4a18-9ec9-df4e322b9a35" testListId="8c84fa94-04c1-424b-9868-57a2d4851a1d" />
    <TestEntry testId="065b8fc4-d81f-c482-fcc4-3e7983908bcc" executionId="72dbbf7b-ea47-4ad1-a627-d937d9c38d38" testListId="8c84fa94-04c1-424b-9868-57a2d4851a1d" />
    <TestEntry testId="1e2a12f1-a0d8-d597-c9a5-5e66af3ed8c6" executionId="ad5c6ae7-59ea-4974-9beb-8b6adb5888c7" testListId="8c84fa94-04c1-424b-9868-57a2d4851a1d" />
    <TestEntry testId="229263ac-20fb-933f-adcf-6c3ef6ff642a" executionId="5f041a26-b60e-4ef1-8b4d-de2e3dae4826" testListId="8c84fa94-04c1-424b-9868-57a2d4851a1d" />
    <TestEntry testId="24b77d83-1bd8-2cb9-dde3-e4b84ea83c59" executionId="6747b563-da30-4bff-93d7-847e8923f815" testListId="8c84fa94-04c1-424b-9868-57a2d4851a1d" />
    <TestEntry testId="281bc8cd-88d6-3995-3009-5042d9bd82cc" executionId="d49976b3-40ea-4bf0-863b-ffcdd41457e7" testListId="8c84fa94-04c1-424b-9868-57a2d4851a1d" />
    <TestEntry testId="54791b1f-78c0-039f-9fa1-9569e5ca54ad" executionId="08f4b2f8-5aae-48c2-84ef-8b430bd6ed82" testListId="8c84fa94-04c1-424b-9868-57a2d4851a1d" />
    <TestEntry testId="6be285e0-bb79-d050-8355-3cb953a60702" executionId="1e26799b-bd76-408d-badc-1e00f1b1bad1" testListId="8c84fa94-04c1-424b-9868-57a2d4851a1d" />
    <TestEntry testId="6e6bd8bb-cdbf-56b8-7471-fafb933a866a" executionId="77c54d2a-b1a1-46a8-9292-f7e60453ae0b" testListId="8c84fa94-04c1-424b-9868-57a2d4851a1d" />
    <TestEntry testId="7fc7de51-49a8-e734-c1ee-8be35e8a0ac9" executionId="7084eba4-2a81-40d4-9099-3c4fd2f29e63" testListId="8c84fa94-04c1-424b-9868-57a2d4851a1d" />
    <TestEntry testId="a279bd52-9691-0fb2-df5c-f4ab461b51ab" executionId="24c87871-9178-4328-8f8b-aee83f8afe5b" testListId="8c84fa94-04c1-424b-9868-57a2d4851a1d" />
    <TestEntry testId="fc035e30-09db-b3c2-2668-8fad0063e4b8" executionId="146a87dc-d57e-4fea-ba31-65a86f566332" testListId="8c84fa94-04c1-424b-9868-57a2d4851a1d" />
  </TestEntries>
  <Results>
    <UnitTestResult executionId="93581df5-44df-4a18-9ec9-df4e322b9a35" testId="00148ed8-920f-ad73-9df0-d7607b5c27c6" testName="parseTest2" computerName="DEFU2DT034" duration="00:00:00.0181375" startTime="2016-04-14T10:28:31.2713129+02:00" endTime="2016-04-14T10:28:31.7223580+02:00" testType="13cdc9d9-ddb5-4fa4-a97d-d965ccfc6d4b" outcome="Passed" testListId="8c84fa94-04c1-424b-9868-57a2d4851a1d" relativeResultsDirectory="93581df5-44df-4a18-9ec9-df4e322b9a35">
    </UnitTestResult>
    <UnitTestResult executionId="72dbbf7b-ea47-4ad1-a627-d937d9c38d38" testId="065b8fc4-d81f-c482-fcc4-3e7983908bcc" testName="GrouptAssignValueTest" computerName="DEFU2DT034" duration="00:00:58.4058400" startTime="2016-04-14T10:28:31.7273585+02:00" endTime="2016-04-14T10:29:30.1331985+02:00" testType="13cdc9d9-ddb5-4fa4-a97d-d965ccfc6d4b" outcome="Aborted" testListId="8c84fa94-04c1-424b-9868-57a2d4851a1d" relativeResultsDirectory="72dbbf7b-ea47-4ad1-a627-d937d9c38d38">
    </UnitTestResult>
    <UnitTestResult executionId="ad5c6ae7-59ea-4974-9beb-8b6adb5888c7" testId="1e2a12f1-a0d8-d597-c9a5-5e66af3ed8c6" testName="ValueNodesWithSamAeattributeValuesAreEqual" computerName="DEFU2DT034" testType="13cdc9d9-ddb5-4fa4-a97d-d965ccfc6d4b" outcome="NotExecuted" testListId="8c84fa94-04c1-424b-9868-57a2d4851a1d" relativeResultsDirectory="ad5c6ae7-59ea-4974-9beb-8b6adb5888c7">
    </UnitTestResult>
    <UnitTestResult executionId="5f041a26-b60e-4ef1-8b4d-de2e3dae4826" testId="229263ac-20fb-933f-adcf-6c3ef6ff642a" testName="parseTest4" computerName="DEFU2DT034" testType="13cdc9d9-ddb5-4fa4-a97d-d965ccfc6d4b" outcome="NotExecuted" testListId="8c84fa94-04c1-424b-9868-57a2d4851a1d" relativeResultsDirectory="5f041a26-b60e-4ef1-8b4d-de2e3dae4826">
    </UnitTestResult>
    <UnitTestResult executionId="6747b563-da30-4bff-93d7-847e8923f815" testId="24b77d83-1bd8-2cb9-dde3-e4b84ea83c59" testName="parseTest3" computerName="DEFU2DT034" testType="13cdc9d9-ddb5-4fa4-a97d-d965ccfc6d4b" outcome="NotExecuted" testListId="8c84fa94-04c1-424b-9868-57a2d4851a1d" relativeResultsDirectory="6747b563-da30-4bff-93d7-847e8923f815">
    </UnitTestResult>
    <UnitTestResult executionId="d49976b3-40ea-4bf0-863b-ffcdd41457e7" testId="281bc8cd-88d6-3995-3009-5042d9bd82cc" testName="SchemaConstructorTest" computerName="DEFU2DT034" testType="13cdc9d9-ddb5-4fa4-a97d-d965ccfc6d4b" outcome="NotExecuted" testListId="8c84fa94-04c1-424b-9868-57a2d4851a1d" relativeResultsDirectory="d49976b3-40ea-4bf0-863b-ffcdd41457e7">
    </UnitTestResult>
    <UnitTestResult executionId="08f4b2f8-5aae-48c2-84ef-8b430bd6ed82" testId="54791b1f-78c0-039f-9fa1-9569e5ca54ad" testName="parseTest6" computerName="DEFU2DT034" testType="13cdc9d9-ddb5-4fa4-a97d-d965ccfc6d4b" outcome="NotExecuted" testListId="8c84fa94-04c1-424b-9868-57a2d4851a1d" relativeResultsDirectory="08f4b2f8-5aae-48c2-84ef-8b430bd6ed82">
    </UnitTestResult>
    <UnitTestResult executionId="1e26799b-bd76-408d-badc-1e00f1b1bad1" testId="6be285e0-bb79-d050-8355-3cb953a60702" testName="parseTest5" computerName="DEFU2DT034" testType="13cdc9d9-ddb5-4fa4-a97d-d965ccfc6d4b" outcome="NotExecuted" testListId="8c84fa94-04c1-424b-9868-57a2d4851a1d" relativeResultsDirectory="1e26799b-bd76-408d-badc-1e00f1b1bad1">
    </UnitTestResult>
    <UnitTestResult executionId="77c54d2a-b1a1-46a8-9292-f7e60453ae0b" testId="6e6bd8bb-cdbf-56b8-7471-fafb933a866a" testName="ValueNodesWithDifferentAttributeValuesAreNotEqual" computerName="DEFU2DT034" testType="13cdc9d9-ddb5-4fa4-a97d-d965ccfc6d4b" outcome="NotExecuted" testListId="8c84fa94-04c1-424b-9868-57a2d4851a1d" relativeResultsDirectory="77c54d2a-b1a1-46a8-9292-f7e60453ae0b">
    </UnitTestResult>
    <UnitTestResult executionId="7084eba4-2a81-40d4-9099-3c4fd2f29e63" testId="7fc7de51-49a8-e734-c1ee-8be35e8a0ac9" testName="GroupNodesWithEqualValuesAndDifferentChildrenAreNotEqualTest" computerName="DEFU2DT034" testType="13cdc9d9-ddb5-4fa4-a97d-d965ccfc6d4b" outcome="NotExecuted" testListId="8c84fa94-04c1-424b-9868-57a2d4851a1d" relativeResultsDirectory="7084eba4-2a81-40d4-9099-3c4fd2f29e63">
    </UnitTestResult>
    <UnitTestResult executionId="24c87871-9178-4328-8f8b-aee83f8afe5b" testId="a279bd52-9691-0fb2-df5c-f4ab461b51ab" testName="GroupNodesWithEqualValuesAndEqualChildrenAreEqualTest" computerName="DEFU2DT034" testType="13cdc9d9-ddb5-4fa4-a97d-d965ccfc6d4b" outcome="NotExecuted" testListId="8c84fa94-04c1-424b-9868-57a2d4851a1d" relativeResultsDirectory="24c87871-9178-4328-8f8b-aee83f8afe5b">
    </UnitTestResult>
    <UnitTestResult executionId="146a87dc-d57e-4fea-ba31-65a86f566332" testId="fc035e30-09db-b3c2-2668-8fad0063e4b8" testName="parseTest1" computerName="DEFU2DT034" testType="13cdc9d9-ddb5-4fa4-a97d-d965ccfc6d4b" outcome="NotExecuted" testListId="8c84fa94-04c1-424b-9868-57a2d4851a1d" relativeResultsDirectory="146a87dc-d57e-4fea-ba31-65a86f566332">
    </UnitTestResult>
  </Results>
</TestRun>